G75*
G70*
%OFA0B0*%
%FSLAX24Y24*%
%IPPOS*%
%LPD*%
%AMOC8*
5,1,8,0,0,1.08239X$1,22.5*
%
%ADD10C,0.0000*%
D10*
X001855Y000383D02*
X001855Y031753D01*
X057379Y031753D01*
X057379Y000383D01*
X001855Y000383D01*
X003194Y001957D02*
X003196Y001987D01*
X003202Y002017D01*
X003211Y002046D01*
X003224Y002073D01*
X003241Y002098D01*
X003260Y002121D01*
X003283Y002142D01*
X003308Y002159D01*
X003334Y002173D01*
X003363Y002183D01*
X003392Y002190D01*
X003422Y002193D01*
X003453Y002192D01*
X003483Y002187D01*
X003512Y002178D01*
X003539Y002166D01*
X003565Y002151D01*
X003589Y002132D01*
X003610Y002110D01*
X003628Y002086D01*
X003643Y002059D01*
X003654Y002031D01*
X003662Y002002D01*
X003666Y001972D01*
X003666Y001942D01*
X003662Y001912D01*
X003654Y001883D01*
X003643Y001855D01*
X003628Y001828D01*
X003610Y001804D01*
X003589Y001782D01*
X003565Y001763D01*
X003539Y001748D01*
X003512Y001736D01*
X003483Y001727D01*
X003453Y001722D01*
X003422Y001721D01*
X003392Y001724D01*
X003363Y001731D01*
X003334Y001741D01*
X003308Y001755D01*
X003283Y001772D01*
X003260Y001793D01*
X003241Y001816D01*
X003224Y001841D01*
X003211Y001868D01*
X003202Y001897D01*
X003196Y001927D01*
X003194Y001957D01*
X010241Y025383D02*
X010243Y025404D01*
X010249Y025424D01*
X010258Y025444D01*
X010270Y025461D01*
X010285Y025475D01*
X010303Y025487D01*
X010323Y025495D01*
X010343Y025500D01*
X010364Y025501D01*
X010385Y025498D01*
X010405Y025492D01*
X010424Y025481D01*
X010441Y025468D01*
X010454Y025452D01*
X010465Y025434D01*
X010473Y025414D01*
X010477Y025394D01*
X010477Y025372D01*
X010473Y025352D01*
X010465Y025332D01*
X010454Y025314D01*
X010441Y025298D01*
X010424Y025285D01*
X010405Y025274D01*
X010385Y025268D01*
X010364Y025265D01*
X010343Y025266D01*
X010323Y025271D01*
X010303Y025279D01*
X010285Y025291D01*
X010270Y025305D01*
X010258Y025322D01*
X010249Y025342D01*
X010243Y025362D01*
X010241Y025383D01*
X003194Y030304D02*
X003196Y030334D01*
X003202Y030364D01*
X003211Y030393D01*
X003224Y030420D01*
X003241Y030445D01*
X003260Y030468D01*
X003283Y030489D01*
X003308Y030506D01*
X003334Y030520D01*
X003363Y030530D01*
X003392Y030537D01*
X003422Y030540D01*
X003453Y030539D01*
X003483Y030534D01*
X003512Y030525D01*
X003539Y030513D01*
X003565Y030498D01*
X003589Y030479D01*
X003610Y030457D01*
X003628Y030433D01*
X003643Y030406D01*
X003654Y030378D01*
X003662Y030349D01*
X003666Y030319D01*
X003666Y030289D01*
X003662Y030259D01*
X003654Y030230D01*
X003643Y030202D01*
X003628Y030175D01*
X003610Y030151D01*
X003589Y030129D01*
X003565Y030110D01*
X003539Y030095D01*
X003512Y030083D01*
X003483Y030074D01*
X003453Y030069D01*
X003422Y030068D01*
X003392Y030071D01*
X003363Y030078D01*
X003334Y030088D01*
X003308Y030102D01*
X003283Y030119D01*
X003260Y030140D01*
X003241Y030163D01*
X003224Y030188D01*
X003211Y030215D01*
X003202Y030244D01*
X003196Y030274D01*
X003194Y030304D01*
X023233Y025383D02*
X023235Y025404D01*
X023241Y025424D01*
X023250Y025444D01*
X023262Y025461D01*
X023277Y025475D01*
X023295Y025487D01*
X023315Y025495D01*
X023335Y025500D01*
X023356Y025501D01*
X023377Y025498D01*
X023397Y025492D01*
X023416Y025481D01*
X023433Y025468D01*
X023446Y025452D01*
X023457Y025434D01*
X023465Y025414D01*
X023469Y025394D01*
X023469Y025372D01*
X023465Y025352D01*
X023457Y025332D01*
X023446Y025314D01*
X023433Y025298D01*
X023416Y025285D01*
X023397Y025274D01*
X023377Y025268D01*
X023356Y025265D01*
X023335Y025266D01*
X023315Y025271D01*
X023295Y025279D01*
X023277Y025291D01*
X023262Y025305D01*
X023250Y025322D01*
X023241Y025342D01*
X023235Y025362D01*
X023233Y025383D01*
X054383Y027105D02*
X054385Y027126D01*
X054391Y027146D01*
X054400Y027166D01*
X054412Y027183D01*
X054427Y027197D01*
X054445Y027209D01*
X054465Y027217D01*
X054485Y027222D01*
X054506Y027223D01*
X054527Y027220D01*
X054547Y027214D01*
X054566Y027203D01*
X054583Y027190D01*
X054596Y027174D01*
X054607Y027156D01*
X054615Y027136D01*
X054619Y027116D01*
X054619Y027094D01*
X054615Y027074D01*
X054607Y027054D01*
X054596Y027036D01*
X054583Y027020D01*
X054566Y027007D01*
X054547Y026996D01*
X054527Y026990D01*
X054506Y026987D01*
X054485Y026988D01*
X054465Y026993D01*
X054445Y027001D01*
X054427Y027013D01*
X054412Y027027D01*
X054400Y027044D01*
X054391Y027064D01*
X054385Y027084D01*
X054383Y027105D01*
X055556Y030304D02*
X055558Y030334D01*
X055564Y030364D01*
X055573Y030393D01*
X055586Y030420D01*
X055603Y030445D01*
X055622Y030468D01*
X055645Y030489D01*
X055670Y030506D01*
X055696Y030520D01*
X055725Y030530D01*
X055754Y030537D01*
X055784Y030540D01*
X055815Y030539D01*
X055845Y030534D01*
X055874Y030525D01*
X055901Y030513D01*
X055927Y030498D01*
X055951Y030479D01*
X055972Y030457D01*
X055990Y030433D01*
X056005Y030406D01*
X056016Y030378D01*
X056024Y030349D01*
X056028Y030319D01*
X056028Y030289D01*
X056024Y030259D01*
X056016Y030230D01*
X056005Y030202D01*
X055990Y030175D01*
X055972Y030151D01*
X055951Y030129D01*
X055927Y030110D01*
X055901Y030095D01*
X055874Y030083D01*
X055845Y030074D01*
X055815Y030069D01*
X055784Y030068D01*
X055754Y030071D01*
X055725Y030078D01*
X055696Y030088D01*
X055670Y030102D01*
X055645Y030119D01*
X055622Y030140D01*
X055603Y030163D01*
X055586Y030188D01*
X055573Y030215D01*
X055564Y030244D01*
X055558Y030274D01*
X055556Y030304D01*
X054198Y005345D02*
X054200Y005366D01*
X054206Y005386D01*
X054215Y005406D01*
X054227Y005423D01*
X054242Y005437D01*
X054260Y005449D01*
X054280Y005457D01*
X054300Y005462D01*
X054321Y005463D01*
X054342Y005460D01*
X054362Y005454D01*
X054381Y005443D01*
X054398Y005430D01*
X054411Y005414D01*
X054422Y005396D01*
X054430Y005376D01*
X054434Y005356D01*
X054434Y005334D01*
X054430Y005314D01*
X054422Y005294D01*
X054411Y005276D01*
X054398Y005260D01*
X054381Y005247D01*
X054362Y005236D01*
X054342Y005230D01*
X054321Y005227D01*
X054300Y005228D01*
X054280Y005233D01*
X054260Y005241D01*
X054242Y005253D01*
X054227Y005267D01*
X054215Y005284D01*
X054206Y005304D01*
X054200Y005324D01*
X054198Y005345D01*
X055556Y001957D02*
X055558Y001987D01*
X055564Y002017D01*
X055573Y002046D01*
X055586Y002073D01*
X055603Y002098D01*
X055622Y002121D01*
X055645Y002142D01*
X055670Y002159D01*
X055696Y002173D01*
X055725Y002183D01*
X055754Y002190D01*
X055784Y002193D01*
X055815Y002192D01*
X055845Y002187D01*
X055874Y002178D01*
X055901Y002166D01*
X055927Y002151D01*
X055951Y002132D01*
X055972Y002110D01*
X055990Y002086D01*
X056005Y002059D01*
X056016Y002031D01*
X056024Y002002D01*
X056028Y001972D01*
X056028Y001942D01*
X056024Y001912D01*
X056016Y001883D01*
X056005Y001855D01*
X055990Y001828D01*
X055972Y001804D01*
X055951Y001782D01*
X055927Y001763D01*
X055901Y001748D01*
X055874Y001736D01*
X055845Y001727D01*
X055815Y001722D01*
X055784Y001721D01*
X055754Y001724D01*
X055725Y001731D01*
X055696Y001741D01*
X055670Y001755D01*
X055645Y001772D01*
X055622Y001793D01*
X055603Y001816D01*
X055586Y001841D01*
X055573Y001868D01*
X055564Y001897D01*
X055558Y001927D01*
X055556Y001957D01*
M02*
