G75*
G70*
%OFA0B0*%
%FSLAX24Y24*%
%IPPOS*%
%LPD*%
%AMOC8*
5,1,8,0,0,1.08239X$1,22.5*
%
%ADD10C,0.0000*%
D10*
X001855Y000383D02*
X001855Y031753D01*
X057379Y031753D01*
X057379Y000383D01*
X001855Y000383D01*
X003194Y001957D02*
X003196Y001987D01*
X003202Y002017D01*
X003211Y002046D01*
X003224Y002073D01*
X003241Y002098D01*
X003260Y002121D01*
X003283Y002142D01*
X003308Y002159D01*
X003334Y002173D01*
X003363Y002183D01*
X003392Y002190D01*
X003422Y002193D01*
X003453Y002192D01*
X003483Y002187D01*
X003512Y002178D01*
X003539Y002166D01*
X003565Y002151D01*
X003589Y002132D01*
X003610Y002110D01*
X003628Y002086D01*
X003643Y002059D01*
X003654Y002031D01*
X003662Y002002D01*
X003666Y001972D01*
X003666Y001942D01*
X003662Y001912D01*
X003654Y001883D01*
X003643Y001855D01*
X003628Y001828D01*
X003610Y001804D01*
X003589Y001782D01*
X003565Y001763D01*
X003539Y001748D01*
X003512Y001736D01*
X003483Y001727D01*
X003453Y001722D01*
X003422Y001721D01*
X003392Y001724D01*
X003363Y001731D01*
X003334Y001741D01*
X003308Y001755D01*
X003283Y001772D01*
X003260Y001793D01*
X003241Y001816D01*
X003224Y001841D01*
X003211Y001868D01*
X003202Y001897D01*
X003196Y001927D01*
X003194Y001957D01*
X054159Y005095D02*
X054161Y005120D01*
X054167Y005144D01*
X054176Y005166D01*
X054189Y005187D01*
X054205Y005206D01*
X054224Y005222D01*
X054245Y005235D01*
X054267Y005244D01*
X054291Y005250D01*
X054316Y005252D01*
X054341Y005250D01*
X054365Y005244D01*
X054387Y005235D01*
X054408Y005222D01*
X054427Y005206D01*
X054443Y005187D01*
X054456Y005166D01*
X054465Y005144D01*
X054471Y005120D01*
X054473Y005095D01*
X054471Y005070D01*
X054465Y005046D01*
X054456Y005024D01*
X054443Y005003D01*
X054427Y004984D01*
X054408Y004968D01*
X054387Y004955D01*
X054365Y004946D01*
X054341Y004940D01*
X054316Y004938D01*
X054291Y004940D01*
X054267Y004946D01*
X054245Y004955D01*
X054224Y004968D01*
X054205Y004984D01*
X054189Y005003D01*
X054176Y005024D01*
X054167Y005046D01*
X054161Y005070D01*
X054159Y005095D01*
X055556Y001957D02*
X055558Y001987D01*
X055564Y002017D01*
X055573Y002046D01*
X055586Y002073D01*
X055603Y002098D01*
X055622Y002121D01*
X055645Y002142D01*
X055670Y002159D01*
X055696Y002173D01*
X055725Y002183D01*
X055754Y002190D01*
X055784Y002193D01*
X055815Y002192D01*
X055845Y002187D01*
X055874Y002178D01*
X055901Y002166D01*
X055927Y002151D01*
X055951Y002132D01*
X055972Y002110D01*
X055990Y002086D01*
X056005Y002059D01*
X056016Y002031D01*
X056024Y002002D01*
X056028Y001972D01*
X056028Y001942D01*
X056024Y001912D01*
X056016Y001883D01*
X056005Y001855D01*
X055990Y001828D01*
X055972Y001804D01*
X055951Y001782D01*
X055927Y001763D01*
X055901Y001748D01*
X055874Y001736D01*
X055845Y001727D01*
X055815Y001722D01*
X055784Y001721D01*
X055754Y001724D01*
X055725Y001731D01*
X055696Y001741D01*
X055670Y001755D01*
X055645Y001772D01*
X055622Y001793D01*
X055603Y001816D01*
X055586Y001841D01*
X055573Y001868D01*
X055564Y001897D01*
X055558Y001927D01*
X055556Y001957D01*
X054344Y026855D02*
X054346Y026880D01*
X054352Y026904D01*
X054361Y026926D01*
X054374Y026947D01*
X054390Y026966D01*
X054409Y026982D01*
X054430Y026995D01*
X054452Y027004D01*
X054476Y027010D01*
X054501Y027012D01*
X054526Y027010D01*
X054550Y027004D01*
X054572Y026995D01*
X054593Y026982D01*
X054612Y026966D01*
X054628Y026947D01*
X054641Y026926D01*
X054650Y026904D01*
X054656Y026880D01*
X054658Y026855D01*
X054656Y026830D01*
X054650Y026806D01*
X054641Y026784D01*
X054628Y026763D01*
X054612Y026744D01*
X054593Y026728D01*
X054572Y026715D01*
X054550Y026706D01*
X054526Y026700D01*
X054501Y026698D01*
X054476Y026700D01*
X054452Y026706D01*
X054430Y026715D01*
X054409Y026728D01*
X054390Y026744D01*
X054374Y026763D01*
X054361Y026784D01*
X054352Y026806D01*
X054346Y026830D01*
X054344Y026855D01*
X055556Y030304D02*
X055558Y030334D01*
X055564Y030364D01*
X055573Y030393D01*
X055586Y030420D01*
X055603Y030445D01*
X055622Y030468D01*
X055645Y030489D01*
X055670Y030506D01*
X055696Y030520D01*
X055725Y030530D01*
X055754Y030537D01*
X055784Y030540D01*
X055815Y030539D01*
X055845Y030534D01*
X055874Y030525D01*
X055901Y030513D01*
X055927Y030498D01*
X055951Y030479D01*
X055972Y030457D01*
X055990Y030433D01*
X056005Y030406D01*
X056016Y030378D01*
X056024Y030349D01*
X056028Y030319D01*
X056028Y030289D01*
X056024Y030259D01*
X056016Y030230D01*
X056005Y030202D01*
X055990Y030175D01*
X055972Y030151D01*
X055951Y030129D01*
X055927Y030110D01*
X055901Y030095D01*
X055874Y030083D01*
X055845Y030074D01*
X055815Y030069D01*
X055784Y030068D01*
X055754Y030071D01*
X055725Y030078D01*
X055696Y030088D01*
X055670Y030102D01*
X055645Y030119D01*
X055622Y030140D01*
X055603Y030163D01*
X055586Y030188D01*
X055573Y030215D01*
X055564Y030244D01*
X055558Y030274D01*
X055556Y030304D01*
X003194Y030304D02*
X003196Y030334D01*
X003202Y030364D01*
X003211Y030393D01*
X003224Y030420D01*
X003241Y030445D01*
X003260Y030468D01*
X003283Y030489D01*
X003308Y030506D01*
X003334Y030520D01*
X003363Y030530D01*
X003392Y030537D01*
X003422Y030540D01*
X003453Y030539D01*
X003483Y030534D01*
X003512Y030525D01*
X003539Y030513D01*
X003565Y030498D01*
X003589Y030479D01*
X003610Y030457D01*
X003628Y030433D01*
X003643Y030406D01*
X003654Y030378D01*
X003662Y030349D01*
X003666Y030319D01*
X003666Y030289D01*
X003662Y030259D01*
X003654Y030230D01*
X003643Y030202D01*
X003628Y030175D01*
X003610Y030151D01*
X003589Y030129D01*
X003565Y030110D01*
X003539Y030095D01*
X003512Y030083D01*
X003483Y030074D01*
X003453Y030069D01*
X003422Y030068D01*
X003392Y030071D01*
X003363Y030078D01*
X003334Y030088D01*
X003308Y030102D01*
X003283Y030119D01*
X003260Y030140D01*
X003241Y030163D01*
X003224Y030188D01*
X003211Y030215D01*
X003202Y030244D01*
X003196Y030274D01*
X003194Y030304D01*
M02*
