G75*
G70*
%OFA0B0*%
%FSLAX24Y24*%
%IPPOS*%
%LPD*%
%AMOC8*
5,1,8,0,0,1.08239X$1,22.5*
%
%ADD10C,0.0000*%
D10*
X000125Y000223D02*
X026995Y000223D01*
X026995Y028716D01*
X000125Y028716D01*
X000125Y000223D01*
X001169Y001405D02*
X001171Y001435D01*
X001177Y001465D01*
X001186Y001494D01*
X001199Y001521D01*
X001216Y001546D01*
X001235Y001569D01*
X001258Y001590D01*
X001283Y001607D01*
X001309Y001621D01*
X001338Y001631D01*
X001367Y001638D01*
X001397Y001641D01*
X001428Y001640D01*
X001458Y001635D01*
X001487Y001626D01*
X001514Y001614D01*
X001540Y001599D01*
X001564Y001580D01*
X001585Y001558D01*
X001603Y001534D01*
X001618Y001507D01*
X001629Y001479D01*
X001637Y001450D01*
X001641Y001420D01*
X001641Y001390D01*
X001637Y001360D01*
X001629Y001331D01*
X001618Y001303D01*
X001603Y001276D01*
X001585Y001252D01*
X001564Y001230D01*
X001540Y001211D01*
X001514Y001196D01*
X001487Y001184D01*
X001458Y001175D01*
X001428Y001170D01*
X001397Y001169D01*
X001367Y001172D01*
X001338Y001179D01*
X001309Y001189D01*
X001283Y001203D01*
X001258Y001220D01*
X001235Y001241D01*
X001216Y001264D01*
X001199Y001289D01*
X001186Y001316D01*
X001177Y001345D01*
X001171Y001375D01*
X001169Y001405D01*
X001169Y027389D02*
X001171Y027419D01*
X001177Y027449D01*
X001186Y027478D01*
X001199Y027505D01*
X001216Y027530D01*
X001235Y027553D01*
X001258Y027574D01*
X001283Y027591D01*
X001309Y027605D01*
X001338Y027615D01*
X001367Y027622D01*
X001397Y027625D01*
X001428Y027624D01*
X001458Y027619D01*
X001487Y027610D01*
X001514Y027598D01*
X001540Y027583D01*
X001564Y027564D01*
X001585Y027542D01*
X001603Y027518D01*
X001618Y027491D01*
X001629Y027463D01*
X001637Y027434D01*
X001641Y027404D01*
X001641Y027374D01*
X001637Y027344D01*
X001629Y027315D01*
X001618Y027287D01*
X001603Y027260D01*
X001585Y027236D01*
X001564Y027214D01*
X001540Y027195D01*
X001514Y027180D01*
X001487Y027168D01*
X001458Y027159D01*
X001428Y027154D01*
X001397Y027153D01*
X001367Y027156D01*
X001338Y027163D01*
X001309Y027173D01*
X001283Y027187D01*
X001258Y027204D01*
X001235Y027225D01*
X001216Y027248D01*
X001199Y027273D01*
X001186Y027300D01*
X001177Y027329D01*
X001171Y027359D01*
X001169Y027389D01*
X025578Y027389D02*
X025580Y027419D01*
X025586Y027449D01*
X025595Y027478D01*
X025608Y027505D01*
X025625Y027530D01*
X025644Y027553D01*
X025667Y027574D01*
X025692Y027591D01*
X025718Y027605D01*
X025747Y027615D01*
X025776Y027622D01*
X025806Y027625D01*
X025837Y027624D01*
X025867Y027619D01*
X025896Y027610D01*
X025923Y027598D01*
X025949Y027583D01*
X025973Y027564D01*
X025994Y027542D01*
X026012Y027518D01*
X026027Y027491D01*
X026038Y027463D01*
X026046Y027434D01*
X026050Y027404D01*
X026050Y027374D01*
X026046Y027344D01*
X026038Y027315D01*
X026027Y027287D01*
X026012Y027260D01*
X025994Y027236D01*
X025973Y027214D01*
X025949Y027195D01*
X025923Y027180D01*
X025896Y027168D01*
X025867Y027159D01*
X025837Y027154D01*
X025806Y027153D01*
X025776Y027156D01*
X025747Y027163D01*
X025718Y027173D01*
X025692Y027187D01*
X025667Y027204D01*
X025644Y027225D01*
X025625Y027248D01*
X025608Y027273D01*
X025595Y027300D01*
X025586Y027329D01*
X025580Y027359D01*
X025578Y027389D01*
X025578Y001405D02*
X025580Y001435D01*
X025586Y001465D01*
X025595Y001494D01*
X025608Y001521D01*
X025625Y001546D01*
X025644Y001569D01*
X025667Y001590D01*
X025692Y001607D01*
X025718Y001621D01*
X025747Y001631D01*
X025776Y001638D01*
X025806Y001641D01*
X025837Y001640D01*
X025867Y001635D01*
X025896Y001626D01*
X025923Y001614D01*
X025949Y001599D01*
X025973Y001580D01*
X025994Y001558D01*
X026012Y001534D01*
X026027Y001507D01*
X026038Y001479D01*
X026046Y001450D01*
X026050Y001420D01*
X026050Y001390D01*
X026046Y001360D01*
X026038Y001331D01*
X026027Y001303D01*
X026012Y001276D01*
X025994Y001252D01*
X025973Y001230D01*
X025949Y001211D01*
X025923Y001196D01*
X025896Y001184D01*
X025867Y001175D01*
X025837Y001170D01*
X025806Y001169D01*
X025776Y001172D01*
X025747Y001179D01*
X025718Y001189D01*
X025692Y001203D01*
X025667Y001220D01*
X025644Y001241D01*
X025625Y001264D01*
X025608Y001289D01*
X025595Y001316D01*
X025586Y001345D01*
X025580Y001375D01*
X025578Y001405D01*
M02*
