G75*
G70*
%OFA0B0*%
%FSLAX24Y24*%
%IPPOS*%
%LPD*%
%AMOC8*
5,1,8,0,0,1.08239X$1,22.5*
%
%ADD10C,0.0000*%
D10*
X002973Y000100D02*
X002973Y029628D01*
X036437Y029628D01*
X036437Y000100D01*
X002973Y000100D01*
X004319Y001537D02*
X004321Y001564D01*
X004327Y001591D01*
X004336Y001617D01*
X004349Y001641D01*
X004365Y001664D01*
X004384Y001683D01*
X004406Y001700D01*
X004430Y001714D01*
X004455Y001724D01*
X004482Y001731D01*
X004509Y001734D01*
X004537Y001733D01*
X004564Y001728D01*
X004590Y001720D01*
X004614Y001708D01*
X004637Y001692D01*
X004658Y001674D01*
X004675Y001653D01*
X004690Y001629D01*
X004701Y001604D01*
X004709Y001578D01*
X004713Y001551D01*
X004713Y001523D01*
X004709Y001496D01*
X004701Y001470D01*
X004690Y001445D01*
X004675Y001421D01*
X004658Y001400D01*
X004637Y001382D01*
X004615Y001366D01*
X004590Y001354D01*
X004564Y001346D01*
X004537Y001341D01*
X004509Y001340D01*
X004482Y001343D01*
X004455Y001350D01*
X004430Y001360D01*
X004406Y001374D01*
X004384Y001391D01*
X004365Y001410D01*
X004349Y001433D01*
X004336Y001457D01*
X004327Y001483D01*
X004321Y001510D01*
X004319Y001537D01*
X034634Y001718D02*
X034636Y001745D01*
X034642Y001772D01*
X034651Y001798D01*
X034664Y001822D01*
X034680Y001845D01*
X034699Y001864D01*
X034721Y001881D01*
X034745Y001895D01*
X034770Y001905D01*
X034797Y001912D01*
X034824Y001915D01*
X034852Y001914D01*
X034879Y001909D01*
X034905Y001901D01*
X034929Y001889D01*
X034952Y001873D01*
X034973Y001855D01*
X034990Y001834D01*
X035005Y001810D01*
X035016Y001785D01*
X035024Y001759D01*
X035028Y001732D01*
X035028Y001704D01*
X035024Y001677D01*
X035016Y001651D01*
X035005Y001626D01*
X034990Y001602D01*
X034973Y001581D01*
X034952Y001563D01*
X034930Y001547D01*
X034905Y001535D01*
X034879Y001527D01*
X034852Y001522D01*
X034824Y001521D01*
X034797Y001524D01*
X034770Y001531D01*
X034745Y001541D01*
X034721Y001555D01*
X034699Y001572D01*
X034680Y001591D01*
X034664Y001614D01*
X034651Y001638D01*
X034642Y001664D01*
X034636Y001691D01*
X034634Y001718D01*
X034634Y027883D02*
X034636Y027910D01*
X034642Y027937D01*
X034651Y027963D01*
X034664Y027987D01*
X034680Y028010D01*
X034699Y028029D01*
X034721Y028046D01*
X034745Y028060D01*
X034770Y028070D01*
X034797Y028077D01*
X034824Y028080D01*
X034852Y028079D01*
X034879Y028074D01*
X034905Y028066D01*
X034929Y028054D01*
X034952Y028038D01*
X034973Y028020D01*
X034990Y027999D01*
X035005Y027975D01*
X035016Y027950D01*
X035024Y027924D01*
X035028Y027897D01*
X035028Y027869D01*
X035024Y027842D01*
X035016Y027816D01*
X035005Y027791D01*
X034990Y027767D01*
X034973Y027746D01*
X034952Y027728D01*
X034930Y027712D01*
X034905Y027700D01*
X034879Y027692D01*
X034852Y027687D01*
X034824Y027686D01*
X034797Y027689D01*
X034770Y027696D01*
X034745Y027706D01*
X034721Y027720D01*
X034699Y027737D01*
X034680Y027756D01*
X034664Y027779D01*
X034651Y027803D01*
X034642Y027829D01*
X034636Y027856D01*
X034634Y027883D01*
X004319Y028128D02*
X004321Y028155D01*
X004327Y028182D01*
X004336Y028208D01*
X004349Y028232D01*
X004365Y028255D01*
X004384Y028274D01*
X004406Y028291D01*
X004430Y028305D01*
X004455Y028315D01*
X004482Y028322D01*
X004509Y028325D01*
X004537Y028324D01*
X004564Y028319D01*
X004590Y028311D01*
X004614Y028299D01*
X004637Y028283D01*
X004658Y028265D01*
X004675Y028244D01*
X004690Y028220D01*
X004701Y028195D01*
X004709Y028169D01*
X004713Y028142D01*
X004713Y028114D01*
X004709Y028087D01*
X004701Y028061D01*
X004690Y028036D01*
X004675Y028012D01*
X004658Y027991D01*
X004637Y027973D01*
X004615Y027957D01*
X004590Y027945D01*
X004564Y027937D01*
X004537Y027932D01*
X004509Y027931D01*
X004482Y027934D01*
X004455Y027941D01*
X004430Y027951D01*
X004406Y027965D01*
X004384Y027982D01*
X004365Y028001D01*
X004349Y028024D01*
X004336Y028048D01*
X004327Y028074D01*
X004321Y028101D01*
X004319Y028128D01*
M02*
