G75*
G70*
%OFA0B0*%
%FSLAX24Y24*%
%IPPOS*%
%LPD*%
%AMOC8*
5,1,8,0,0,1.08239X$1,22.5*
%
%ADD10C,0.0000*%
D10*
X000115Y000115D02*
X000115Y032399D01*
X042635Y032399D01*
X042635Y000115D01*
X000115Y000115D01*
X001848Y002084D02*
X001850Y002114D01*
X001856Y002144D01*
X001865Y002173D01*
X001878Y002200D01*
X001895Y002225D01*
X001914Y002248D01*
X001937Y002269D01*
X001962Y002286D01*
X001988Y002300D01*
X002017Y002310D01*
X002046Y002317D01*
X002076Y002320D01*
X002107Y002319D01*
X002137Y002314D01*
X002166Y002305D01*
X002193Y002293D01*
X002219Y002278D01*
X002243Y002259D01*
X002264Y002237D01*
X002282Y002213D01*
X002297Y002186D01*
X002308Y002158D01*
X002316Y002129D01*
X002320Y002099D01*
X002320Y002069D01*
X002316Y002039D01*
X002308Y002010D01*
X002297Y001982D01*
X002282Y001955D01*
X002264Y001931D01*
X002243Y001909D01*
X002219Y001890D01*
X002193Y001875D01*
X002166Y001863D01*
X002137Y001854D01*
X002107Y001849D01*
X002076Y001848D01*
X002046Y001851D01*
X002017Y001858D01*
X001988Y001868D01*
X001962Y001882D01*
X001937Y001899D01*
X001914Y001920D01*
X001895Y001943D01*
X001878Y001968D01*
X001865Y001995D01*
X001856Y002024D01*
X001850Y002054D01*
X001848Y002084D01*
X001848Y030430D02*
X001850Y030460D01*
X001856Y030490D01*
X001865Y030519D01*
X001878Y030546D01*
X001895Y030571D01*
X001914Y030594D01*
X001937Y030615D01*
X001962Y030632D01*
X001988Y030646D01*
X002017Y030656D01*
X002046Y030663D01*
X002076Y030666D01*
X002107Y030665D01*
X002137Y030660D01*
X002166Y030651D01*
X002193Y030639D01*
X002219Y030624D01*
X002243Y030605D01*
X002264Y030583D01*
X002282Y030559D01*
X002297Y030532D01*
X002308Y030504D01*
X002316Y030475D01*
X002320Y030445D01*
X002320Y030415D01*
X002316Y030385D01*
X002308Y030356D01*
X002297Y030328D01*
X002282Y030301D01*
X002264Y030277D01*
X002243Y030255D01*
X002219Y030236D01*
X002193Y030221D01*
X002166Y030209D01*
X002137Y030200D01*
X002107Y030195D01*
X002076Y030194D01*
X002046Y030197D01*
X002017Y030204D01*
X001988Y030214D01*
X001962Y030228D01*
X001937Y030245D01*
X001914Y030266D01*
X001895Y030289D01*
X001878Y030314D01*
X001865Y030341D01*
X001856Y030370D01*
X001850Y030400D01*
X001848Y030430D01*
X040431Y030430D02*
X040433Y030460D01*
X040439Y030490D01*
X040448Y030519D01*
X040461Y030546D01*
X040478Y030571D01*
X040497Y030594D01*
X040520Y030615D01*
X040545Y030632D01*
X040571Y030646D01*
X040600Y030656D01*
X040629Y030663D01*
X040659Y030666D01*
X040690Y030665D01*
X040720Y030660D01*
X040749Y030651D01*
X040776Y030639D01*
X040802Y030624D01*
X040826Y030605D01*
X040847Y030583D01*
X040865Y030559D01*
X040880Y030532D01*
X040891Y030504D01*
X040899Y030475D01*
X040903Y030445D01*
X040903Y030415D01*
X040899Y030385D01*
X040891Y030356D01*
X040880Y030328D01*
X040865Y030301D01*
X040847Y030277D01*
X040826Y030255D01*
X040802Y030236D01*
X040776Y030221D01*
X040749Y030209D01*
X040720Y030200D01*
X040690Y030195D01*
X040659Y030194D01*
X040629Y030197D01*
X040600Y030204D01*
X040571Y030214D01*
X040545Y030228D01*
X040520Y030245D01*
X040497Y030266D01*
X040478Y030289D01*
X040461Y030314D01*
X040448Y030341D01*
X040439Y030370D01*
X040433Y030400D01*
X040431Y030430D01*
X040431Y002084D02*
X040433Y002114D01*
X040439Y002144D01*
X040448Y002173D01*
X040461Y002200D01*
X040478Y002225D01*
X040497Y002248D01*
X040520Y002269D01*
X040545Y002286D01*
X040571Y002300D01*
X040600Y002310D01*
X040629Y002317D01*
X040659Y002320D01*
X040690Y002319D01*
X040720Y002314D01*
X040749Y002305D01*
X040776Y002293D01*
X040802Y002278D01*
X040826Y002259D01*
X040847Y002237D01*
X040865Y002213D01*
X040880Y002186D01*
X040891Y002158D01*
X040899Y002129D01*
X040903Y002099D01*
X040903Y002069D01*
X040899Y002039D01*
X040891Y002010D01*
X040880Y001982D01*
X040865Y001955D01*
X040847Y001931D01*
X040826Y001909D01*
X040802Y001890D01*
X040776Y001875D01*
X040749Y001863D01*
X040720Y001854D01*
X040690Y001849D01*
X040659Y001848D01*
X040629Y001851D01*
X040600Y001858D01*
X040571Y001868D01*
X040545Y001882D01*
X040520Y001899D01*
X040497Y001920D01*
X040478Y001943D01*
X040461Y001968D01*
X040448Y001995D01*
X040439Y002024D01*
X040433Y002054D01*
X040431Y002084D01*
M02*
