G75*
G70*
%OFA0B0*%
%FSLAX24Y24*%
%IPPOS*%
%LPD*%
%AMOC8*
5,1,8,0,0,1.08239X$1,22.5*
%
%ADD10C,0.0000*%
D10*
X000141Y000100D02*
X000141Y009549D01*
X015495Y009549D01*
X015495Y000100D01*
X000141Y000100D01*
X001125Y001281D02*
X001127Y001308D01*
X001133Y001335D01*
X001142Y001361D01*
X001155Y001385D01*
X001171Y001408D01*
X001190Y001427D01*
X001212Y001444D01*
X001236Y001458D01*
X001261Y001468D01*
X001288Y001475D01*
X001315Y001478D01*
X001343Y001477D01*
X001370Y001472D01*
X001396Y001464D01*
X001420Y001452D01*
X001443Y001436D01*
X001464Y001418D01*
X001481Y001397D01*
X001496Y001373D01*
X001507Y001348D01*
X001515Y001322D01*
X001519Y001295D01*
X001519Y001267D01*
X001515Y001240D01*
X001507Y001214D01*
X001496Y001189D01*
X001481Y001165D01*
X001464Y001144D01*
X001443Y001126D01*
X001421Y001110D01*
X001396Y001098D01*
X001370Y001090D01*
X001343Y001085D01*
X001315Y001084D01*
X001288Y001087D01*
X001261Y001094D01*
X001236Y001104D01*
X001212Y001118D01*
X001190Y001135D01*
X001171Y001154D01*
X001155Y001177D01*
X001142Y001201D01*
X001133Y001227D01*
X001127Y001254D01*
X001125Y001281D01*
X001125Y008368D02*
X001127Y008395D01*
X001133Y008422D01*
X001142Y008448D01*
X001155Y008472D01*
X001171Y008495D01*
X001190Y008514D01*
X001212Y008531D01*
X001236Y008545D01*
X001261Y008555D01*
X001288Y008562D01*
X001315Y008565D01*
X001343Y008564D01*
X001370Y008559D01*
X001396Y008551D01*
X001420Y008539D01*
X001443Y008523D01*
X001464Y008505D01*
X001481Y008484D01*
X001496Y008460D01*
X001507Y008435D01*
X001515Y008409D01*
X001519Y008382D01*
X001519Y008354D01*
X001515Y008327D01*
X001507Y008301D01*
X001496Y008276D01*
X001481Y008252D01*
X001464Y008231D01*
X001443Y008213D01*
X001421Y008197D01*
X001396Y008185D01*
X001370Y008177D01*
X001343Y008172D01*
X001315Y008171D01*
X001288Y008174D01*
X001261Y008181D01*
X001236Y008191D01*
X001212Y008205D01*
X001190Y008222D01*
X001171Y008241D01*
X001155Y008264D01*
X001142Y008288D01*
X001133Y008314D01*
X001127Y008341D01*
X001125Y008368D01*
X014117Y008368D02*
X014119Y008395D01*
X014125Y008422D01*
X014134Y008448D01*
X014147Y008472D01*
X014163Y008495D01*
X014182Y008514D01*
X014204Y008531D01*
X014228Y008545D01*
X014253Y008555D01*
X014280Y008562D01*
X014307Y008565D01*
X014335Y008564D01*
X014362Y008559D01*
X014388Y008551D01*
X014412Y008539D01*
X014435Y008523D01*
X014456Y008505D01*
X014473Y008484D01*
X014488Y008460D01*
X014499Y008435D01*
X014507Y008409D01*
X014511Y008382D01*
X014511Y008354D01*
X014507Y008327D01*
X014499Y008301D01*
X014488Y008276D01*
X014473Y008252D01*
X014456Y008231D01*
X014435Y008213D01*
X014413Y008197D01*
X014388Y008185D01*
X014362Y008177D01*
X014335Y008172D01*
X014307Y008171D01*
X014280Y008174D01*
X014253Y008181D01*
X014228Y008191D01*
X014204Y008205D01*
X014182Y008222D01*
X014163Y008241D01*
X014147Y008264D01*
X014134Y008288D01*
X014125Y008314D01*
X014119Y008341D01*
X014117Y008368D01*
X014117Y001281D02*
X014119Y001308D01*
X014125Y001335D01*
X014134Y001361D01*
X014147Y001385D01*
X014163Y001408D01*
X014182Y001427D01*
X014204Y001444D01*
X014228Y001458D01*
X014253Y001468D01*
X014280Y001475D01*
X014307Y001478D01*
X014335Y001477D01*
X014362Y001472D01*
X014388Y001464D01*
X014412Y001452D01*
X014435Y001436D01*
X014456Y001418D01*
X014473Y001397D01*
X014488Y001373D01*
X014499Y001348D01*
X014507Y001322D01*
X014511Y001295D01*
X014511Y001267D01*
X014507Y001240D01*
X014499Y001214D01*
X014488Y001189D01*
X014473Y001165D01*
X014456Y001144D01*
X014435Y001126D01*
X014413Y001110D01*
X014388Y001098D01*
X014362Y001090D01*
X014335Y001085D01*
X014307Y001084D01*
X014280Y001087D01*
X014253Y001094D01*
X014228Y001104D01*
X014204Y001118D01*
X014182Y001135D01*
X014163Y001154D01*
X014147Y001177D01*
X014134Y001201D01*
X014125Y001227D01*
X014119Y001254D01*
X014117Y001281D01*
M02*
