G75*
G70*
%OFA0B0*%
%FSLAX24Y24*%
%IPPOS*%
%LPD*%
%AMOC8*
5,1,8,0,0,1.08239X$1,22.5*
%
%ADD10C,0.0000*%
D10*
X000355Y000383D02*
X000355Y032753D01*
X037347Y032753D01*
X037347Y000383D01*
X000355Y000383D01*
X001694Y001957D02*
X001696Y001987D01*
X001702Y002017D01*
X001711Y002046D01*
X001724Y002073D01*
X001741Y002098D01*
X001760Y002121D01*
X001783Y002142D01*
X001808Y002159D01*
X001834Y002173D01*
X001863Y002183D01*
X001892Y002190D01*
X001922Y002193D01*
X001953Y002192D01*
X001983Y002187D01*
X002012Y002178D01*
X002039Y002166D01*
X002065Y002151D01*
X002089Y002132D01*
X002110Y002110D01*
X002128Y002086D01*
X002143Y002059D01*
X002154Y002031D01*
X002162Y002002D01*
X002166Y001972D01*
X002166Y001942D01*
X002162Y001912D01*
X002154Y001883D01*
X002143Y001855D01*
X002128Y001828D01*
X002110Y001804D01*
X002089Y001782D01*
X002065Y001763D01*
X002039Y001748D01*
X002012Y001736D01*
X001983Y001727D01*
X001953Y001722D01*
X001922Y001721D01*
X001892Y001724D01*
X001863Y001731D01*
X001834Y001741D01*
X001808Y001755D01*
X001783Y001772D01*
X001760Y001793D01*
X001741Y001816D01*
X001724Y001841D01*
X001711Y001868D01*
X001702Y001897D01*
X001696Y001927D01*
X001694Y001957D01*
X007950Y003422D02*
X007952Y003443D01*
X007958Y003463D01*
X007967Y003483D01*
X007979Y003500D01*
X007994Y003514D01*
X008012Y003526D01*
X008032Y003534D01*
X008052Y003539D01*
X008073Y003540D01*
X008094Y003537D01*
X008114Y003531D01*
X008133Y003520D01*
X008150Y003507D01*
X008163Y003491D01*
X008174Y003473D01*
X008182Y003453D01*
X008186Y003433D01*
X008186Y003411D01*
X008182Y003391D01*
X008174Y003371D01*
X008163Y003353D01*
X008150Y003337D01*
X008133Y003324D01*
X008114Y003313D01*
X008094Y003307D01*
X008073Y003304D01*
X008052Y003305D01*
X008032Y003310D01*
X008012Y003318D01*
X007994Y003330D01*
X007979Y003344D01*
X007967Y003361D01*
X007958Y003381D01*
X007952Y003401D01*
X007950Y003422D01*
X029709Y003237D02*
X029711Y003258D01*
X029717Y003278D01*
X029726Y003298D01*
X029738Y003315D01*
X029753Y003329D01*
X029771Y003341D01*
X029791Y003349D01*
X029811Y003354D01*
X029832Y003355D01*
X029853Y003352D01*
X029873Y003346D01*
X029892Y003335D01*
X029909Y003322D01*
X029922Y003306D01*
X029933Y003288D01*
X029941Y003268D01*
X029945Y003248D01*
X029945Y003226D01*
X029941Y003206D01*
X029933Y003186D01*
X029922Y003168D01*
X029909Y003152D01*
X029892Y003139D01*
X029873Y003128D01*
X029853Y003122D01*
X029832Y003119D01*
X029811Y003120D01*
X029791Y003125D01*
X029771Y003133D01*
X029753Y003145D01*
X029738Y003159D01*
X029726Y003176D01*
X029717Y003196D01*
X029711Y003216D01*
X029709Y003237D01*
X035552Y001957D02*
X035554Y001987D01*
X035560Y002017D01*
X035569Y002046D01*
X035582Y002073D01*
X035599Y002098D01*
X035618Y002121D01*
X035641Y002142D01*
X035666Y002159D01*
X035692Y002173D01*
X035721Y002183D01*
X035750Y002190D01*
X035780Y002193D01*
X035811Y002192D01*
X035841Y002187D01*
X035870Y002178D01*
X035897Y002166D01*
X035923Y002151D01*
X035947Y002132D01*
X035968Y002110D01*
X035986Y002086D01*
X036001Y002059D01*
X036012Y002031D01*
X036020Y002002D01*
X036024Y001972D01*
X036024Y001942D01*
X036020Y001912D01*
X036012Y001883D01*
X036001Y001855D01*
X035986Y001828D01*
X035968Y001804D01*
X035947Y001782D01*
X035923Y001763D01*
X035897Y001748D01*
X035870Y001736D01*
X035841Y001727D01*
X035811Y001722D01*
X035780Y001721D01*
X035750Y001724D01*
X035721Y001731D01*
X035692Y001741D01*
X035666Y001755D01*
X035641Y001772D01*
X035618Y001793D01*
X035599Y001816D01*
X035582Y001841D01*
X035569Y001868D01*
X035560Y001897D01*
X035554Y001927D01*
X035552Y001957D01*
X034087Y010119D02*
X034089Y010140D01*
X034095Y010160D01*
X034104Y010180D01*
X034116Y010197D01*
X034131Y010211D01*
X034149Y010223D01*
X034169Y010231D01*
X034189Y010236D01*
X034210Y010237D01*
X034231Y010234D01*
X034251Y010228D01*
X034270Y010217D01*
X034287Y010204D01*
X034300Y010188D01*
X034311Y010170D01*
X034319Y010150D01*
X034323Y010130D01*
X034323Y010108D01*
X034319Y010088D01*
X034311Y010068D01*
X034300Y010050D01*
X034287Y010034D01*
X034270Y010021D01*
X034251Y010010D01*
X034231Y010004D01*
X034210Y010001D01*
X034189Y010002D01*
X034169Y010007D01*
X034149Y010015D01*
X034131Y010027D01*
X034116Y010041D01*
X034104Y010058D01*
X034095Y010078D01*
X034089Y010098D01*
X034087Y010119D01*
X034087Y023111D02*
X034089Y023132D01*
X034095Y023152D01*
X034104Y023172D01*
X034116Y023189D01*
X034131Y023203D01*
X034149Y023215D01*
X034169Y023223D01*
X034189Y023228D01*
X034210Y023229D01*
X034231Y023226D01*
X034251Y023220D01*
X034270Y023209D01*
X034287Y023196D01*
X034300Y023180D01*
X034311Y023162D01*
X034319Y023142D01*
X034323Y023122D01*
X034323Y023100D01*
X034319Y023080D01*
X034311Y023060D01*
X034300Y023042D01*
X034287Y023026D01*
X034270Y023013D01*
X034251Y023002D01*
X034231Y022996D01*
X034210Y022993D01*
X034189Y022994D01*
X034169Y022999D01*
X034149Y023007D01*
X034131Y023019D01*
X034116Y023033D01*
X034104Y023050D01*
X034095Y023070D01*
X034089Y023090D01*
X034087Y023111D01*
X029524Y029843D02*
X029526Y029864D01*
X029532Y029884D01*
X029541Y029904D01*
X029553Y029921D01*
X029568Y029935D01*
X029586Y029947D01*
X029606Y029955D01*
X029626Y029960D01*
X029647Y029961D01*
X029668Y029958D01*
X029688Y029952D01*
X029707Y029941D01*
X029724Y029928D01*
X029737Y029912D01*
X029748Y029894D01*
X029756Y029874D01*
X029760Y029854D01*
X029760Y029832D01*
X029756Y029812D01*
X029748Y029792D01*
X029737Y029774D01*
X029724Y029758D01*
X029707Y029745D01*
X029688Y029734D01*
X029668Y029728D01*
X029647Y029725D01*
X029626Y029726D01*
X029606Y029731D01*
X029586Y029739D01*
X029568Y029751D01*
X029553Y029765D01*
X029541Y029782D01*
X029532Y029802D01*
X029526Y029822D01*
X029524Y029843D01*
X035552Y031091D02*
X035554Y031121D01*
X035560Y031151D01*
X035569Y031180D01*
X035582Y031207D01*
X035599Y031232D01*
X035618Y031255D01*
X035641Y031276D01*
X035666Y031293D01*
X035692Y031307D01*
X035721Y031317D01*
X035750Y031324D01*
X035780Y031327D01*
X035811Y031326D01*
X035841Y031321D01*
X035870Y031312D01*
X035897Y031300D01*
X035923Y031285D01*
X035947Y031266D01*
X035968Y031244D01*
X035986Y031220D01*
X036001Y031193D01*
X036012Y031165D01*
X036020Y031136D01*
X036024Y031106D01*
X036024Y031076D01*
X036020Y031046D01*
X036012Y031017D01*
X036001Y030989D01*
X035986Y030962D01*
X035968Y030938D01*
X035947Y030916D01*
X035923Y030897D01*
X035897Y030882D01*
X035870Y030870D01*
X035841Y030861D01*
X035811Y030856D01*
X035780Y030855D01*
X035750Y030858D01*
X035721Y030865D01*
X035692Y030875D01*
X035666Y030889D01*
X035641Y030906D01*
X035618Y030927D01*
X035599Y030950D01*
X035582Y030975D01*
X035569Y031002D01*
X035560Y031031D01*
X035554Y031061D01*
X035552Y031091D01*
X007765Y030028D02*
X007767Y030049D01*
X007773Y030069D01*
X007782Y030089D01*
X007794Y030106D01*
X007809Y030120D01*
X007827Y030132D01*
X007847Y030140D01*
X007867Y030145D01*
X007888Y030146D01*
X007909Y030143D01*
X007929Y030137D01*
X007948Y030126D01*
X007965Y030113D01*
X007978Y030097D01*
X007989Y030079D01*
X007997Y030059D01*
X008001Y030039D01*
X008001Y030017D01*
X007997Y029997D01*
X007989Y029977D01*
X007978Y029959D01*
X007965Y029943D01*
X007948Y029930D01*
X007929Y029919D01*
X007909Y029913D01*
X007888Y029910D01*
X007867Y029911D01*
X007847Y029916D01*
X007827Y029924D01*
X007809Y029936D01*
X007794Y029950D01*
X007782Y029967D01*
X007773Y029987D01*
X007767Y030007D01*
X007765Y030028D01*
X001694Y031091D02*
X001696Y031121D01*
X001702Y031151D01*
X001711Y031180D01*
X001724Y031207D01*
X001741Y031232D01*
X001760Y031255D01*
X001783Y031276D01*
X001808Y031293D01*
X001834Y031307D01*
X001863Y031317D01*
X001892Y031324D01*
X001922Y031327D01*
X001953Y031326D01*
X001983Y031321D01*
X002012Y031312D01*
X002039Y031300D01*
X002065Y031285D01*
X002089Y031266D01*
X002110Y031244D01*
X002128Y031220D01*
X002143Y031193D01*
X002154Y031165D01*
X002162Y031136D01*
X002166Y031106D01*
X002166Y031076D01*
X002162Y031046D01*
X002154Y031017D01*
X002143Y030989D01*
X002128Y030962D01*
X002110Y030938D01*
X002089Y030916D01*
X002065Y030897D01*
X002039Y030882D01*
X002012Y030870D01*
X001983Y030861D01*
X001953Y030856D01*
X001922Y030855D01*
X001892Y030858D01*
X001863Y030865D01*
X001834Y030875D01*
X001808Y030889D01*
X001783Y030906D01*
X001760Y030927D01*
X001741Y030950D01*
X001724Y030975D01*
X001711Y031002D01*
X001702Y031031D01*
X001696Y031061D01*
X001694Y031091D01*
M02*
