G75*
G70*
%OFA0B0*%
%FSLAX24Y24*%
%IPPOS*%
%LPD*%
%AMOC8*
5,1,8,0,0,1.08239X$1,22.5*
%
%ADD10C,0.0000*%
D10*
X001461Y000457D02*
X001461Y032328D01*
X044453Y032328D01*
X044453Y000457D01*
X001461Y000457D01*
X002725Y001957D02*
X002727Y001987D01*
X002733Y002017D01*
X002742Y002046D01*
X002755Y002073D01*
X002772Y002098D01*
X002791Y002121D01*
X002814Y002142D01*
X002839Y002159D01*
X002865Y002173D01*
X002894Y002183D01*
X002923Y002190D01*
X002953Y002193D01*
X002984Y002192D01*
X003014Y002187D01*
X003043Y002178D01*
X003070Y002166D01*
X003096Y002151D01*
X003120Y002132D01*
X003141Y002110D01*
X003159Y002086D01*
X003174Y002059D01*
X003185Y002031D01*
X003193Y002002D01*
X003197Y001972D01*
X003197Y001942D01*
X003193Y001912D01*
X003185Y001883D01*
X003174Y001855D01*
X003159Y001828D01*
X003141Y001804D01*
X003120Y001782D01*
X003096Y001763D01*
X003070Y001748D01*
X003043Y001736D01*
X003014Y001727D01*
X002984Y001722D01*
X002953Y001721D01*
X002923Y001724D01*
X002894Y001731D01*
X002865Y001741D01*
X002839Y001755D01*
X002814Y001772D01*
X002791Y001793D01*
X002772Y001816D01*
X002755Y001841D01*
X002742Y001868D01*
X002733Y001897D01*
X002727Y001927D01*
X002725Y001957D01*
X040764Y006170D02*
X040766Y006195D01*
X040772Y006219D01*
X040781Y006241D01*
X040794Y006262D01*
X040810Y006281D01*
X040829Y006297D01*
X040850Y006310D01*
X040872Y006319D01*
X040896Y006325D01*
X040921Y006327D01*
X040946Y006325D01*
X040970Y006319D01*
X040992Y006310D01*
X041013Y006297D01*
X041032Y006281D01*
X041048Y006262D01*
X041061Y006241D01*
X041070Y006219D01*
X041076Y006195D01*
X041078Y006170D01*
X041076Y006145D01*
X041070Y006121D01*
X041061Y006099D01*
X041048Y006078D01*
X041032Y006059D01*
X041013Y006043D01*
X040992Y006030D01*
X040970Y006021D01*
X040946Y006015D01*
X040921Y006013D01*
X040896Y006015D01*
X040872Y006021D01*
X040850Y006030D01*
X040829Y006043D01*
X040810Y006059D01*
X040794Y006078D01*
X040781Y006099D01*
X040772Y006121D01*
X040766Y006145D01*
X040764Y006170D01*
X042225Y001957D02*
X042227Y001987D01*
X042233Y002017D01*
X042242Y002046D01*
X042255Y002073D01*
X042272Y002098D01*
X042291Y002121D01*
X042314Y002142D01*
X042339Y002159D01*
X042365Y002173D01*
X042394Y002183D01*
X042423Y002190D01*
X042453Y002193D01*
X042484Y002192D01*
X042514Y002187D01*
X042543Y002178D01*
X042570Y002166D01*
X042596Y002151D01*
X042620Y002132D01*
X042641Y002110D01*
X042659Y002086D01*
X042674Y002059D01*
X042685Y002031D01*
X042693Y002002D01*
X042697Y001972D01*
X042697Y001942D01*
X042693Y001912D01*
X042685Y001883D01*
X042674Y001855D01*
X042659Y001828D01*
X042641Y001804D01*
X042620Y001782D01*
X042596Y001763D01*
X042570Y001748D01*
X042543Y001736D01*
X042514Y001727D01*
X042484Y001722D01*
X042453Y001721D01*
X042423Y001724D01*
X042394Y001731D01*
X042365Y001741D01*
X042339Y001755D01*
X042314Y001772D01*
X042291Y001793D01*
X042272Y001816D01*
X042255Y001841D01*
X042242Y001868D01*
X042233Y001897D01*
X042227Y001927D01*
X042225Y001957D01*
X040949Y027930D02*
X040951Y027955D01*
X040957Y027979D01*
X040966Y028001D01*
X040979Y028022D01*
X040995Y028041D01*
X041014Y028057D01*
X041035Y028070D01*
X041057Y028079D01*
X041081Y028085D01*
X041106Y028087D01*
X041131Y028085D01*
X041155Y028079D01*
X041177Y028070D01*
X041198Y028057D01*
X041217Y028041D01*
X041233Y028022D01*
X041246Y028001D01*
X041255Y027979D01*
X041261Y027955D01*
X041263Y027930D01*
X041261Y027905D01*
X041255Y027881D01*
X041246Y027859D01*
X041233Y027838D01*
X041217Y027819D01*
X041198Y027803D01*
X041177Y027790D01*
X041155Y027781D01*
X041131Y027775D01*
X041106Y027773D01*
X041081Y027775D01*
X041057Y027781D01*
X041035Y027790D01*
X041014Y027803D01*
X040995Y027819D01*
X040979Y027838D01*
X040966Y027859D01*
X040957Y027881D01*
X040951Y027905D01*
X040949Y027930D01*
X042225Y030957D02*
X042227Y030987D01*
X042233Y031017D01*
X042242Y031046D01*
X042255Y031073D01*
X042272Y031098D01*
X042291Y031121D01*
X042314Y031142D01*
X042339Y031159D01*
X042365Y031173D01*
X042394Y031183D01*
X042423Y031190D01*
X042453Y031193D01*
X042484Y031192D01*
X042514Y031187D01*
X042543Y031178D01*
X042570Y031166D01*
X042596Y031151D01*
X042620Y031132D01*
X042641Y031110D01*
X042659Y031086D01*
X042674Y031059D01*
X042685Y031031D01*
X042693Y031002D01*
X042697Y030972D01*
X042697Y030942D01*
X042693Y030912D01*
X042685Y030883D01*
X042674Y030855D01*
X042659Y030828D01*
X042641Y030804D01*
X042620Y030782D01*
X042596Y030763D01*
X042570Y030748D01*
X042543Y030736D01*
X042514Y030727D01*
X042484Y030722D01*
X042453Y030721D01*
X042423Y030724D01*
X042394Y030731D01*
X042365Y030741D01*
X042339Y030755D01*
X042314Y030772D01*
X042291Y030793D01*
X042272Y030816D01*
X042255Y030841D01*
X042242Y030868D01*
X042233Y030897D01*
X042227Y030927D01*
X042225Y030957D01*
X002725Y030957D02*
X002727Y030987D01*
X002733Y031017D01*
X002742Y031046D01*
X002755Y031073D01*
X002772Y031098D01*
X002791Y031121D01*
X002814Y031142D01*
X002839Y031159D01*
X002865Y031173D01*
X002894Y031183D01*
X002923Y031190D01*
X002953Y031193D01*
X002984Y031192D01*
X003014Y031187D01*
X003043Y031178D01*
X003070Y031166D01*
X003096Y031151D01*
X003120Y031132D01*
X003141Y031110D01*
X003159Y031086D01*
X003174Y031059D01*
X003185Y031031D01*
X003193Y031002D01*
X003197Y030972D01*
X003197Y030942D01*
X003193Y030912D01*
X003185Y030883D01*
X003174Y030855D01*
X003159Y030828D01*
X003141Y030804D01*
X003120Y030782D01*
X003096Y030763D01*
X003070Y030748D01*
X003043Y030736D01*
X003014Y030727D01*
X002984Y030722D01*
X002953Y030721D01*
X002923Y030724D01*
X002894Y030731D01*
X002865Y030741D01*
X002839Y030755D01*
X002814Y030772D01*
X002791Y030793D01*
X002772Y030816D01*
X002755Y030841D01*
X002742Y030868D01*
X002733Y030897D01*
X002727Y030927D01*
X002725Y030957D01*
M02*
