G75*
G70*
%OFA0B0*%
%FSLAX24Y24*%
%IPPOS*%
%LPD*%
%AMOC8*
5,1,8,0,0,1.08239X$1,22.5*
%
%ADD10C,0.0000*%
D10*
X000100Y000100D02*
X000100Y021754D01*
X028840Y021754D01*
X028840Y000100D01*
X000100Y000100D01*
X001084Y001281D02*
X001086Y001308D01*
X001092Y001335D01*
X001101Y001361D01*
X001114Y001385D01*
X001130Y001408D01*
X001149Y001427D01*
X001171Y001444D01*
X001195Y001458D01*
X001220Y001468D01*
X001247Y001475D01*
X001274Y001478D01*
X001302Y001477D01*
X001329Y001472D01*
X001355Y001464D01*
X001379Y001452D01*
X001402Y001436D01*
X001423Y001418D01*
X001440Y001397D01*
X001455Y001373D01*
X001466Y001348D01*
X001474Y001322D01*
X001478Y001295D01*
X001478Y001267D01*
X001474Y001240D01*
X001466Y001214D01*
X001455Y001189D01*
X001440Y001165D01*
X001423Y001144D01*
X001402Y001126D01*
X001380Y001110D01*
X001355Y001098D01*
X001329Y001090D01*
X001302Y001085D01*
X001274Y001084D01*
X001247Y001087D01*
X001220Y001094D01*
X001195Y001104D01*
X001171Y001118D01*
X001149Y001135D01*
X001130Y001154D01*
X001114Y001177D01*
X001101Y001201D01*
X001092Y001227D01*
X001086Y001254D01*
X001084Y001281D01*
X001084Y020572D02*
X001086Y020599D01*
X001092Y020626D01*
X001101Y020652D01*
X001114Y020676D01*
X001130Y020699D01*
X001149Y020718D01*
X001171Y020735D01*
X001195Y020749D01*
X001220Y020759D01*
X001247Y020766D01*
X001274Y020769D01*
X001302Y020768D01*
X001329Y020763D01*
X001355Y020755D01*
X001379Y020743D01*
X001402Y020727D01*
X001423Y020709D01*
X001440Y020688D01*
X001455Y020664D01*
X001466Y020639D01*
X001474Y020613D01*
X001478Y020586D01*
X001478Y020558D01*
X001474Y020531D01*
X001466Y020505D01*
X001455Y020480D01*
X001440Y020456D01*
X001423Y020435D01*
X001402Y020417D01*
X001380Y020401D01*
X001355Y020389D01*
X001329Y020381D01*
X001302Y020376D01*
X001274Y020375D01*
X001247Y020378D01*
X001220Y020385D01*
X001195Y020395D01*
X001171Y020409D01*
X001149Y020426D01*
X001130Y020445D01*
X001114Y020468D01*
X001101Y020492D01*
X001092Y020518D01*
X001086Y020545D01*
X001084Y020572D01*
X027462Y020572D02*
X027464Y020599D01*
X027470Y020626D01*
X027479Y020652D01*
X027492Y020676D01*
X027508Y020699D01*
X027527Y020718D01*
X027549Y020735D01*
X027573Y020749D01*
X027598Y020759D01*
X027625Y020766D01*
X027652Y020769D01*
X027680Y020768D01*
X027707Y020763D01*
X027733Y020755D01*
X027757Y020743D01*
X027780Y020727D01*
X027801Y020709D01*
X027818Y020688D01*
X027833Y020664D01*
X027844Y020639D01*
X027852Y020613D01*
X027856Y020586D01*
X027856Y020558D01*
X027852Y020531D01*
X027844Y020505D01*
X027833Y020480D01*
X027818Y020456D01*
X027801Y020435D01*
X027780Y020417D01*
X027758Y020401D01*
X027733Y020389D01*
X027707Y020381D01*
X027680Y020376D01*
X027652Y020375D01*
X027625Y020378D01*
X027598Y020385D01*
X027573Y020395D01*
X027549Y020409D01*
X027527Y020426D01*
X027508Y020445D01*
X027492Y020468D01*
X027479Y020492D01*
X027470Y020518D01*
X027464Y020545D01*
X027462Y020572D01*
X027462Y001281D02*
X027464Y001308D01*
X027470Y001335D01*
X027479Y001361D01*
X027492Y001385D01*
X027508Y001408D01*
X027527Y001427D01*
X027549Y001444D01*
X027573Y001458D01*
X027598Y001468D01*
X027625Y001475D01*
X027652Y001478D01*
X027680Y001477D01*
X027707Y001472D01*
X027733Y001464D01*
X027757Y001452D01*
X027780Y001436D01*
X027801Y001418D01*
X027818Y001397D01*
X027833Y001373D01*
X027844Y001348D01*
X027852Y001322D01*
X027856Y001295D01*
X027856Y001267D01*
X027852Y001240D01*
X027844Y001214D01*
X027833Y001189D01*
X027818Y001165D01*
X027801Y001144D01*
X027780Y001126D01*
X027758Y001110D01*
X027733Y001098D01*
X027707Y001090D01*
X027680Y001085D01*
X027652Y001084D01*
X027625Y001087D01*
X027598Y001094D01*
X027573Y001104D01*
X027549Y001118D01*
X027527Y001135D01*
X027508Y001154D01*
X027492Y001177D01*
X027479Y001201D01*
X027470Y001227D01*
X027464Y001254D01*
X027462Y001281D01*
M02*
