G75*
G70*
%OFA0B0*%
%FSLAX24Y24*%
%IPPOS*%
%LPD*%
%AMOC8*
5,1,8,0,0,1.08239X$1,22.5*
%
%ADD10C,0.0000*%
D10*
X000223Y000776D02*
X000223Y017312D01*
X025814Y017312D01*
X025814Y000776D01*
X000223Y000776D01*
X001169Y001957D02*
X001171Y001987D01*
X001177Y002017D01*
X001186Y002046D01*
X001199Y002073D01*
X001216Y002098D01*
X001235Y002121D01*
X001258Y002142D01*
X001283Y002159D01*
X001309Y002173D01*
X001338Y002183D01*
X001367Y002190D01*
X001397Y002193D01*
X001428Y002192D01*
X001458Y002187D01*
X001487Y002178D01*
X001514Y002166D01*
X001540Y002151D01*
X001564Y002132D01*
X001585Y002110D01*
X001603Y002086D01*
X001618Y002059D01*
X001629Y002031D01*
X001637Y002002D01*
X001641Y001972D01*
X001641Y001942D01*
X001637Y001912D01*
X001629Y001883D01*
X001618Y001855D01*
X001603Y001828D01*
X001585Y001804D01*
X001564Y001782D01*
X001540Y001763D01*
X001514Y001748D01*
X001487Y001736D01*
X001458Y001727D01*
X001428Y001722D01*
X001397Y001721D01*
X001367Y001724D01*
X001338Y001731D01*
X001309Y001741D01*
X001283Y001755D01*
X001258Y001772D01*
X001235Y001793D01*
X001216Y001816D01*
X001199Y001841D01*
X001186Y001868D01*
X001177Y001897D01*
X001171Y001927D01*
X001169Y001957D01*
X001169Y016131D02*
X001171Y016161D01*
X001177Y016191D01*
X001186Y016220D01*
X001199Y016247D01*
X001216Y016272D01*
X001235Y016295D01*
X001258Y016316D01*
X001283Y016333D01*
X001309Y016347D01*
X001338Y016357D01*
X001367Y016364D01*
X001397Y016367D01*
X001428Y016366D01*
X001458Y016361D01*
X001487Y016352D01*
X001514Y016340D01*
X001540Y016325D01*
X001564Y016306D01*
X001585Y016284D01*
X001603Y016260D01*
X001618Y016233D01*
X001629Y016205D01*
X001637Y016176D01*
X001641Y016146D01*
X001641Y016116D01*
X001637Y016086D01*
X001629Y016057D01*
X001618Y016029D01*
X001603Y016002D01*
X001585Y015978D01*
X001564Y015956D01*
X001540Y015937D01*
X001514Y015922D01*
X001487Y015910D01*
X001458Y015901D01*
X001428Y015896D01*
X001397Y015895D01*
X001367Y015898D01*
X001338Y015905D01*
X001309Y015915D01*
X001283Y015929D01*
X001258Y015946D01*
X001235Y015967D01*
X001216Y015990D01*
X001199Y016015D01*
X001186Y016042D01*
X001177Y016071D01*
X001171Y016101D01*
X001169Y016131D01*
X024397Y016131D02*
X024399Y016161D01*
X024405Y016191D01*
X024414Y016220D01*
X024427Y016247D01*
X024444Y016272D01*
X024463Y016295D01*
X024486Y016316D01*
X024511Y016333D01*
X024537Y016347D01*
X024566Y016357D01*
X024595Y016364D01*
X024625Y016367D01*
X024656Y016366D01*
X024686Y016361D01*
X024715Y016352D01*
X024742Y016340D01*
X024768Y016325D01*
X024792Y016306D01*
X024813Y016284D01*
X024831Y016260D01*
X024846Y016233D01*
X024857Y016205D01*
X024865Y016176D01*
X024869Y016146D01*
X024869Y016116D01*
X024865Y016086D01*
X024857Y016057D01*
X024846Y016029D01*
X024831Y016002D01*
X024813Y015978D01*
X024792Y015956D01*
X024768Y015937D01*
X024742Y015922D01*
X024715Y015910D01*
X024686Y015901D01*
X024656Y015896D01*
X024625Y015895D01*
X024595Y015898D01*
X024566Y015905D01*
X024537Y015915D01*
X024511Y015929D01*
X024486Y015946D01*
X024463Y015967D01*
X024444Y015990D01*
X024427Y016015D01*
X024414Y016042D01*
X024405Y016071D01*
X024399Y016101D01*
X024397Y016131D01*
X024397Y001957D02*
X024399Y001987D01*
X024405Y002017D01*
X024414Y002046D01*
X024427Y002073D01*
X024444Y002098D01*
X024463Y002121D01*
X024486Y002142D01*
X024511Y002159D01*
X024537Y002173D01*
X024566Y002183D01*
X024595Y002190D01*
X024625Y002193D01*
X024656Y002192D01*
X024686Y002187D01*
X024715Y002178D01*
X024742Y002166D01*
X024768Y002151D01*
X024792Y002132D01*
X024813Y002110D01*
X024831Y002086D01*
X024846Y002059D01*
X024857Y002031D01*
X024865Y002002D01*
X024869Y001972D01*
X024869Y001942D01*
X024865Y001912D01*
X024857Y001883D01*
X024846Y001855D01*
X024831Y001828D01*
X024813Y001804D01*
X024792Y001782D01*
X024768Y001763D01*
X024742Y001748D01*
X024715Y001736D01*
X024686Y001727D01*
X024656Y001722D01*
X024625Y001721D01*
X024595Y001724D01*
X024566Y001731D01*
X024537Y001741D01*
X024511Y001755D01*
X024486Y001772D01*
X024463Y001793D01*
X024444Y001816D01*
X024427Y001841D01*
X024414Y001868D01*
X024405Y001897D01*
X024399Y001927D01*
X024397Y001957D01*
M02*
