G75*
G70*
%OFA0B0*%
%FSLAX24Y24*%
%IPPOS*%
%LPD*%
%AMOC8*
5,1,8,0,0,1.08239X$1,22.5*
%
%ADD10C,0.0000*%
D10*
X000115Y000115D02*
X000115Y032399D01*
X042635Y032399D01*
X042635Y000115D01*
X000115Y000115D01*
X001848Y002084D02*
X001850Y002114D01*
X001856Y002144D01*
X001865Y002173D01*
X001878Y002200D01*
X001895Y002225D01*
X001914Y002248D01*
X001937Y002269D01*
X001962Y002286D01*
X001988Y002300D01*
X002017Y002310D01*
X002046Y002317D01*
X002076Y002320D01*
X002107Y002319D01*
X002137Y002314D01*
X002166Y002305D01*
X002193Y002293D01*
X002219Y002278D01*
X002243Y002259D01*
X002264Y002237D01*
X002282Y002213D01*
X002297Y002186D01*
X002308Y002158D01*
X002316Y002129D01*
X002320Y002099D01*
X002320Y002069D01*
X002316Y002039D01*
X002308Y002010D01*
X002297Y001982D01*
X002282Y001955D01*
X002264Y001931D01*
X002243Y001909D01*
X002219Y001890D01*
X002193Y001875D01*
X002166Y001863D01*
X002137Y001854D01*
X002107Y001849D01*
X002076Y001848D01*
X002046Y001851D01*
X002017Y001858D01*
X001988Y001868D01*
X001962Y001882D01*
X001937Y001899D01*
X001914Y001920D01*
X001895Y001943D01*
X001878Y001968D01*
X001865Y001995D01*
X001856Y002024D01*
X001850Y002054D01*
X001848Y002084D01*
X003047Y013869D02*
X003049Y013890D01*
X003055Y013910D01*
X003064Y013930D01*
X003076Y013947D01*
X003091Y013961D01*
X003109Y013973D01*
X003129Y013981D01*
X003149Y013986D01*
X003170Y013987D01*
X003191Y013984D01*
X003211Y013978D01*
X003230Y013967D01*
X003247Y013954D01*
X003260Y013938D01*
X003271Y013920D01*
X003279Y013900D01*
X003283Y013880D01*
X003283Y013858D01*
X003279Y013838D01*
X003271Y013818D01*
X003260Y013800D01*
X003247Y013784D01*
X003230Y013771D01*
X003211Y013760D01*
X003191Y013754D01*
X003170Y013751D01*
X003149Y013752D01*
X003129Y013757D01*
X003109Y013765D01*
X003091Y013777D01*
X003076Y013791D01*
X003064Y013808D01*
X003055Y013828D01*
X003049Y013848D01*
X003047Y013869D01*
X003047Y026862D02*
X003049Y026883D01*
X003055Y026903D01*
X003064Y026923D01*
X003076Y026940D01*
X003091Y026954D01*
X003109Y026966D01*
X003129Y026974D01*
X003149Y026979D01*
X003170Y026980D01*
X003191Y026977D01*
X003211Y026971D01*
X003230Y026960D01*
X003247Y026947D01*
X003260Y026931D01*
X003271Y026913D01*
X003279Y026893D01*
X003283Y026873D01*
X003283Y026851D01*
X003279Y026831D01*
X003271Y026811D01*
X003260Y026793D01*
X003247Y026777D01*
X003230Y026764D01*
X003211Y026753D01*
X003191Y026747D01*
X003170Y026744D01*
X003149Y026745D01*
X003129Y026750D01*
X003109Y026758D01*
X003091Y026770D01*
X003076Y026784D01*
X003064Y026801D01*
X003055Y026821D01*
X003049Y026841D01*
X003047Y026862D01*
X001848Y030430D02*
X001850Y030460D01*
X001856Y030490D01*
X001865Y030519D01*
X001878Y030546D01*
X001895Y030571D01*
X001914Y030594D01*
X001937Y030615D01*
X001962Y030632D01*
X001988Y030646D01*
X002017Y030656D01*
X002046Y030663D01*
X002076Y030666D01*
X002107Y030665D01*
X002137Y030660D01*
X002166Y030651D01*
X002193Y030639D01*
X002219Y030624D01*
X002243Y030605D01*
X002264Y030583D01*
X002282Y030559D01*
X002297Y030532D01*
X002308Y030504D01*
X002316Y030475D01*
X002320Y030445D01*
X002320Y030415D01*
X002316Y030385D01*
X002308Y030356D01*
X002297Y030328D01*
X002282Y030301D01*
X002264Y030277D01*
X002243Y030255D01*
X002219Y030236D01*
X002193Y030221D01*
X002166Y030209D01*
X002137Y030200D01*
X002107Y030195D01*
X002076Y030194D01*
X002046Y030197D01*
X002017Y030204D01*
X001988Y030214D01*
X001962Y030228D01*
X001937Y030245D01*
X001914Y030266D01*
X001895Y030289D01*
X001878Y030314D01*
X001865Y030341D01*
X001856Y030370D01*
X001850Y030400D01*
X001848Y030430D01*
X039393Y027338D02*
X039395Y027359D01*
X039401Y027379D01*
X039410Y027399D01*
X039422Y027416D01*
X039437Y027430D01*
X039455Y027442D01*
X039475Y027450D01*
X039495Y027455D01*
X039516Y027456D01*
X039537Y027453D01*
X039557Y027447D01*
X039576Y027436D01*
X039593Y027423D01*
X039606Y027407D01*
X039617Y027389D01*
X039625Y027369D01*
X039629Y027349D01*
X039629Y027327D01*
X039625Y027307D01*
X039617Y027287D01*
X039606Y027269D01*
X039593Y027253D01*
X039576Y027240D01*
X039557Y027229D01*
X039537Y027223D01*
X039516Y027220D01*
X039495Y027221D01*
X039475Y027226D01*
X039455Y027234D01*
X039437Y027246D01*
X039422Y027260D01*
X039410Y027277D01*
X039401Y027297D01*
X039395Y027317D01*
X039393Y027338D01*
X040431Y030430D02*
X040433Y030460D01*
X040439Y030490D01*
X040448Y030519D01*
X040461Y030546D01*
X040478Y030571D01*
X040497Y030594D01*
X040520Y030615D01*
X040545Y030632D01*
X040571Y030646D01*
X040600Y030656D01*
X040629Y030663D01*
X040659Y030666D01*
X040690Y030665D01*
X040720Y030660D01*
X040749Y030651D01*
X040776Y030639D01*
X040802Y030624D01*
X040826Y030605D01*
X040847Y030583D01*
X040865Y030559D01*
X040880Y030532D01*
X040891Y030504D01*
X040899Y030475D01*
X040903Y030445D01*
X040903Y030415D01*
X040899Y030385D01*
X040891Y030356D01*
X040880Y030328D01*
X040865Y030301D01*
X040847Y030277D01*
X040826Y030255D01*
X040802Y030236D01*
X040776Y030221D01*
X040749Y030209D01*
X040720Y030200D01*
X040690Y030195D01*
X040659Y030194D01*
X040629Y030197D01*
X040600Y030204D01*
X040571Y030214D01*
X040545Y030228D01*
X040520Y030245D01*
X040497Y030266D01*
X040478Y030289D01*
X040461Y030314D01*
X040448Y030341D01*
X040439Y030370D01*
X040433Y030400D01*
X040431Y030430D01*
X039208Y005578D02*
X039210Y005599D01*
X039216Y005619D01*
X039225Y005639D01*
X039237Y005656D01*
X039252Y005670D01*
X039270Y005682D01*
X039290Y005690D01*
X039310Y005695D01*
X039331Y005696D01*
X039352Y005693D01*
X039372Y005687D01*
X039391Y005676D01*
X039408Y005663D01*
X039421Y005647D01*
X039432Y005629D01*
X039440Y005609D01*
X039444Y005589D01*
X039444Y005567D01*
X039440Y005547D01*
X039432Y005527D01*
X039421Y005509D01*
X039408Y005493D01*
X039391Y005480D01*
X039372Y005469D01*
X039352Y005463D01*
X039331Y005460D01*
X039310Y005461D01*
X039290Y005466D01*
X039270Y005474D01*
X039252Y005486D01*
X039237Y005500D01*
X039225Y005517D01*
X039216Y005537D01*
X039210Y005557D01*
X039208Y005578D01*
X040431Y002084D02*
X040433Y002114D01*
X040439Y002144D01*
X040448Y002173D01*
X040461Y002200D01*
X040478Y002225D01*
X040497Y002248D01*
X040520Y002269D01*
X040545Y002286D01*
X040571Y002300D01*
X040600Y002310D01*
X040629Y002317D01*
X040659Y002320D01*
X040690Y002319D01*
X040720Y002314D01*
X040749Y002305D01*
X040776Y002293D01*
X040802Y002278D01*
X040826Y002259D01*
X040847Y002237D01*
X040865Y002213D01*
X040880Y002186D01*
X040891Y002158D01*
X040899Y002129D01*
X040903Y002099D01*
X040903Y002069D01*
X040899Y002039D01*
X040891Y002010D01*
X040880Y001982D01*
X040865Y001955D01*
X040847Y001931D01*
X040826Y001909D01*
X040802Y001890D01*
X040776Y001875D01*
X040749Y001863D01*
X040720Y001854D01*
X040690Y001849D01*
X040659Y001848D01*
X040629Y001851D01*
X040600Y001858D01*
X040571Y001868D01*
X040545Y001882D01*
X040520Y001899D01*
X040497Y001920D01*
X040478Y001943D01*
X040461Y001968D01*
X040448Y001995D01*
X040439Y002024D01*
X040433Y002054D01*
X040431Y002084D01*
M02*
