G75*
G70*
%OFA0B0*%
%FSLAX24Y24*%
%IPPOS*%
%LPD*%
%AMOC8*
5,1,8,0,0,1.08239X$1,22.5*
%
%ADD10C,0.0000*%
D10*
X000100Y000100D02*
X000100Y013880D01*
X027659Y013880D01*
X027659Y000100D01*
X000100Y000100D01*
X001758Y002143D02*
X001760Y002173D01*
X001766Y002203D01*
X001775Y002232D01*
X001788Y002259D01*
X001805Y002284D01*
X001824Y002307D01*
X001847Y002328D01*
X001872Y002345D01*
X001898Y002359D01*
X001927Y002369D01*
X001956Y002376D01*
X001986Y002379D01*
X002017Y002378D01*
X002047Y002373D01*
X002076Y002364D01*
X002103Y002352D01*
X002129Y002337D01*
X002153Y002318D01*
X002174Y002296D01*
X002192Y002272D01*
X002207Y002245D01*
X002218Y002217D01*
X002226Y002188D01*
X002230Y002158D01*
X002230Y002128D01*
X002226Y002098D01*
X002218Y002069D01*
X002207Y002041D01*
X002192Y002014D01*
X002174Y001990D01*
X002153Y001968D01*
X002129Y001949D01*
X002103Y001934D01*
X002076Y001922D01*
X002047Y001913D01*
X002017Y001908D01*
X001986Y001907D01*
X001956Y001910D01*
X001927Y001917D01*
X001898Y001927D01*
X001872Y001941D01*
X001847Y001958D01*
X001824Y001979D01*
X001805Y002002D01*
X001788Y002027D01*
X001775Y002054D01*
X001766Y002083D01*
X001760Y002113D01*
X001758Y002143D01*
X001876Y011592D02*
X001878Y011622D01*
X001884Y011652D01*
X001893Y011681D01*
X001906Y011708D01*
X001923Y011733D01*
X001942Y011756D01*
X001965Y011777D01*
X001990Y011794D01*
X002016Y011808D01*
X002045Y011818D01*
X002074Y011825D01*
X002104Y011828D01*
X002135Y011827D01*
X002165Y011822D01*
X002194Y011813D01*
X002221Y011801D01*
X002247Y011786D01*
X002271Y011767D01*
X002292Y011745D01*
X002310Y011721D01*
X002325Y011694D01*
X002336Y011666D01*
X002344Y011637D01*
X002348Y011607D01*
X002348Y011577D01*
X002344Y011547D01*
X002336Y011518D01*
X002325Y011490D01*
X002310Y011463D01*
X002292Y011439D01*
X002271Y011417D01*
X002247Y011398D01*
X002221Y011383D01*
X002194Y011371D01*
X002165Y011362D01*
X002135Y011357D01*
X002104Y011356D01*
X002074Y011359D01*
X002045Y011366D01*
X002016Y011376D01*
X001990Y011390D01*
X001965Y011407D01*
X001942Y011428D01*
X001923Y011451D01*
X001906Y011476D01*
X001893Y011503D01*
X001884Y011532D01*
X001878Y011562D01*
X001876Y011592D01*
X025498Y011592D02*
X025500Y011622D01*
X025506Y011652D01*
X025515Y011681D01*
X025528Y011708D01*
X025545Y011733D01*
X025564Y011756D01*
X025587Y011777D01*
X025612Y011794D01*
X025638Y011808D01*
X025667Y011818D01*
X025696Y011825D01*
X025726Y011828D01*
X025757Y011827D01*
X025787Y011822D01*
X025816Y011813D01*
X025843Y011801D01*
X025869Y011786D01*
X025893Y011767D01*
X025914Y011745D01*
X025932Y011721D01*
X025947Y011694D01*
X025958Y011666D01*
X025966Y011637D01*
X025970Y011607D01*
X025970Y011577D01*
X025966Y011547D01*
X025958Y011518D01*
X025947Y011490D01*
X025932Y011463D01*
X025914Y011439D01*
X025893Y011417D01*
X025869Y011398D01*
X025843Y011383D01*
X025816Y011371D01*
X025787Y011362D01*
X025757Y011357D01*
X025726Y011356D01*
X025696Y011359D01*
X025667Y011366D01*
X025638Y011376D01*
X025612Y011390D01*
X025587Y011407D01*
X025564Y011428D01*
X025545Y011451D01*
X025528Y011476D01*
X025515Y011503D01*
X025506Y011532D01*
X025500Y011562D01*
X025498Y011592D01*
X025498Y002143D02*
X025500Y002173D01*
X025506Y002203D01*
X025515Y002232D01*
X025528Y002259D01*
X025545Y002284D01*
X025564Y002307D01*
X025587Y002328D01*
X025612Y002345D01*
X025638Y002359D01*
X025667Y002369D01*
X025696Y002376D01*
X025726Y002379D01*
X025757Y002378D01*
X025787Y002373D01*
X025816Y002364D01*
X025843Y002352D01*
X025869Y002337D01*
X025893Y002318D01*
X025914Y002296D01*
X025932Y002272D01*
X025947Y002245D01*
X025958Y002217D01*
X025966Y002188D01*
X025970Y002158D01*
X025970Y002128D01*
X025966Y002098D01*
X025958Y002069D01*
X025947Y002041D01*
X025932Y002014D01*
X025914Y001990D01*
X025893Y001968D01*
X025869Y001949D01*
X025843Y001934D01*
X025816Y001922D01*
X025787Y001913D01*
X025757Y001908D01*
X025726Y001907D01*
X025696Y001910D01*
X025667Y001917D01*
X025638Y001927D01*
X025612Y001941D01*
X025587Y001958D01*
X025564Y001979D01*
X025545Y002002D01*
X025528Y002027D01*
X025515Y002054D01*
X025506Y002083D01*
X025500Y002113D01*
X025498Y002143D01*
M02*
