G75*
G70*
%OFA0B0*%
%FSLAX24Y24*%
%IPPOS*%
%LPD*%
%AMOC8*
5,1,8,0,0,1.08239X$1,22.5*
%
%ADD10C,0.0000*%
D10*
X000100Y000100D02*
X000100Y013486D01*
X019785Y013486D01*
X019785Y000100D01*
X000100Y000100D01*
X001833Y002069D02*
X001835Y002099D01*
X001841Y002129D01*
X001850Y002158D01*
X001863Y002185D01*
X001880Y002210D01*
X001899Y002233D01*
X001922Y002254D01*
X001947Y002271D01*
X001973Y002285D01*
X002002Y002295D01*
X002031Y002302D01*
X002061Y002305D01*
X002092Y002304D01*
X002122Y002299D01*
X002151Y002290D01*
X002178Y002278D01*
X002204Y002263D01*
X002228Y002244D01*
X002249Y002222D01*
X002267Y002198D01*
X002282Y002171D01*
X002293Y002143D01*
X002301Y002114D01*
X002305Y002084D01*
X002305Y002054D01*
X002301Y002024D01*
X002293Y001995D01*
X002282Y001967D01*
X002267Y001940D01*
X002249Y001916D01*
X002228Y001894D01*
X002204Y001875D01*
X002178Y001860D01*
X002151Y001848D01*
X002122Y001839D01*
X002092Y001834D01*
X002061Y001833D01*
X002031Y001836D01*
X002002Y001843D01*
X001973Y001853D01*
X001947Y001867D01*
X001922Y001884D01*
X001899Y001905D01*
X001880Y001928D01*
X001863Y001953D01*
X001850Y001980D01*
X001841Y002009D01*
X001835Y002039D01*
X001833Y002069D01*
X001833Y011517D02*
X001835Y011547D01*
X001841Y011577D01*
X001850Y011606D01*
X001863Y011633D01*
X001880Y011658D01*
X001899Y011681D01*
X001922Y011702D01*
X001947Y011719D01*
X001973Y011733D01*
X002002Y011743D01*
X002031Y011750D01*
X002061Y011753D01*
X002092Y011752D01*
X002122Y011747D01*
X002151Y011738D01*
X002178Y011726D01*
X002204Y011711D01*
X002228Y011692D01*
X002249Y011670D01*
X002267Y011646D01*
X002282Y011619D01*
X002293Y011591D01*
X002301Y011562D01*
X002305Y011532D01*
X002305Y011502D01*
X002301Y011472D01*
X002293Y011443D01*
X002282Y011415D01*
X002267Y011388D01*
X002249Y011364D01*
X002228Y011342D01*
X002204Y011323D01*
X002178Y011308D01*
X002151Y011296D01*
X002122Y011287D01*
X002092Y011282D01*
X002061Y011281D01*
X002031Y011284D01*
X002002Y011291D01*
X001973Y011301D01*
X001947Y011315D01*
X001922Y011332D01*
X001899Y011353D01*
X001880Y011376D01*
X001863Y011401D01*
X001850Y011428D01*
X001841Y011457D01*
X001835Y011487D01*
X001833Y011517D01*
X017581Y011517D02*
X017583Y011547D01*
X017589Y011577D01*
X017598Y011606D01*
X017611Y011633D01*
X017628Y011658D01*
X017647Y011681D01*
X017670Y011702D01*
X017695Y011719D01*
X017721Y011733D01*
X017750Y011743D01*
X017779Y011750D01*
X017809Y011753D01*
X017840Y011752D01*
X017870Y011747D01*
X017899Y011738D01*
X017926Y011726D01*
X017952Y011711D01*
X017976Y011692D01*
X017997Y011670D01*
X018015Y011646D01*
X018030Y011619D01*
X018041Y011591D01*
X018049Y011562D01*
X018053Y011532D01*
X018053Y011502D01*
X018049Y011472D01*
X018041Y011443D01*
X018030Y011415D01*
X018015Y011388D01*
X017997Y011364D01*
X017976Y011342D01*
X017952Y011323D01*
X017926Y011308D01*
X017899Y011296D01*
X017870Y011287D01*
X017840Y011282D01*
X017809Y011281D01*
X017779Y011284D01*
X017750Y011291D01*
X017721Y011301D01*
X017695Y011315D01*
X017670Y011332D01*
X017647Y011353D01*
X017628Y011376D01*
X017611Y011401D01*
X017598Y011428D01*
X017589Y011457D01*
X017583Y011487D01*
X017581Y011517D01*
X017581Y002069D02*
X017583Y002099D01*
X017589Y002129D01*
X017598Y002158D01*
X017611Y002185D01*
X017628Y002210D01*
X017647Y002233D01*
X017670Y002254D01*
X017695Y002271D01*
X017721Y002285D01*
X017750Y002295D01*
X017779Y002302D01*
X017809Y002305D01*
X017840Y002304D01*
X017870Y002299D01*
X017899Y002290D01*
X017926Y002278D01*
X017952Y002263D01*
X017976Y002244D01*
X017997Y002222D01*
X018015Y002198D01*
X018030Y002171D01*
X018041Y002143D01*
X018049Y002114D01*
X018053Y002084D01*
X018053Y002054D01*
X018049Y002024D01*
X018041Y001995D01*
X018030Y001967D01*
X018015Y001940D01*
X017997Y001916D01*
X017976Y001894D01*
X017952Y001875D01*
X017926Y001860D01*
X017899Y001848D01*
X017870Y001839D01*
X017840Y001834D01*
X017809Y001833D01*
X017779Y001836D01*
X017750Y001843D01*
X017721Y001853D01*
X017695Y001867D01*
X017670Y001884D01*
X017647Y001905D01*
X017628Y001928D01*
X017611Y001953D01*
X017598Y001980D01*
X017589Y002009D01*
X017583Y002039D01*
X017581Y002069D01*
M02*
