G75*
G70*
%OFA0B0*%
%FSLAX24Y24*%
%IPPOS*%
%LPD*%
%AMOC8*
5,1,8,0,0,1.08239X$1,22.5*
%
%ADD10C,0.0000*%
D10*
X002473Y000100D02*
X002473Y029628D01*
X027670Y029628D01*
X027670Y000100D01*
X002473Y000100D01*
X004599Y002462D02*
X004601Y002492D01*
X004607Y002522D01*
X004616Y002551D01*
X004629Y002578D01*
X004646Y002603D01*
X004665Y002626D01*
X004688Y002647D01*
X004713Y002664D01*
X004739Y002678D01*
X004768Y002688D01*
X004797Y002695D01*
X004827Y002698D01*
X004858Y002697D01*
X004888Y002692D01*
X004917Y002683D01*
X004944Y002671D01*
X004970Y002656D01*
X004994Y002637D01*
X005015Y002615D01*
X005033Y002591D01*
X005048Y002564D01*
X005059Y002536D01*
X005067Y002507D01*
X005071Y002477D01*
X005071Y002447D01*
X005067Y002417D01*
X005059Y002388D01*
X005048Y002360D01*
X005033Y002333D01*
X005015Y002309D01*
X004994Y002287D01*
X004970Y002268D01*
X004944Y002253D01*
X004917Y002241D01*
X004888Y002232D01*
X004858Y002227D01*
X004827Y002226D01*
X004797Y002229D01*
X004768Y002236D01*
X004739Y002246D01*
X004713Y002260D01*
X004688Y002277D01*
X004665Y002298D01*
X004646Y002321D01*
X004629Y002346D01*
X004616Y002373D01*
X004607Y002402D01*
X004601Y002432D01*
X004599Y002462D01*
X025071Y002462D02*
X025073Y002492D01*
X025079Y002522D01*
X025088Y002551D01*
X025101Y002578D01*
X025118Y002603D01*
X025137Y002626D01*
X025160Y002647D01*
X025185Y002664D01*
X025211Y002678D01*
X025240Y002688D01*
X025269Y002695D01*
X025299Y002698D01*
X025330Y002697D01*
X025360Y002692D01*
X025389Y002683D01*
X025416Y002671D01*
X025442Y002656D01*
X025466Y002637D01*
X025487Y002615D01*
X025505Y002591D01*
X025520Y002564D01*
X025531Y002536D01*
X025539Y002507D01*
X025543Y002477D01*
X025543Y002447D01*
X025539Y002417D01*
X025531Y002388D01*
X025520Y002360D01*
X025505Y002333D01*
X025487Y002309D01*
X025466Y002287D01*
X025442Y002268D01*
X025416Y002253D01*
X025389Y002241D01*
X025360Y002232D01*
X025330Y002227D01*
X025299Y002226D01*
X025269Y002229D01*
X025240Y002236D01*
X025211Y002246D01*
X025185Y002260D01*
X025160Y002277D01*
X025137Y002298D01*
X025118Y002321D01*
X025101Y002346D01*
X025088Y002373D01*
X025079Y002402D01*
X025073Y002432D01*
X025071Y002462D01*
X025071Y027265D02*
X025073Y027295D01*
X025079Y027325D01*
X025088Y027354D01*
X025101Y027381D01*
X025118Y027406D01*
X025137Y027429D01*
X025160Y027450D01*
X025185Y027467D01*
X025211Y027481D01*
X025240Y027491D01*
X025269Y027498D01*
X025299Y027501D01*
X025330Y027500D01*
X025360Y027495D01*
X025389Y027486D01*
X025416Y027474D01*
X025442Y027459D01*
X025466Y027440D01*
X025487Y027418D01*
X025505Y027394D01*
X025520Y027367D01*
X025531Y027339D01*
X025539Y027310D01*
X025543Y027280D01*
X025543Y027250D01*
X025539Y027220D01*
X025531Y027191D01*
X025520Y027163D01*
X025505Y027136D01*
X025487Y027112D01*
X025466Y027090D01*
X025442Y027071D01*
X025416Y027056D01*
X025389Y027044D01*
X025360Y027035D01*
X025330Y027030D01*
X025299Y027029D01*
X025269Y027032D01*
X025240Y027039D01*
X025211Y027049D01*
X025185Y027063D01*
X025160Y027080D01*
X025137Y027101D01*
X025118Y027124D01*
X025101Y027149D01*
X025088Y027176D01*
X025079Y027205D01*
X025073Y027235D01*
X025071Y027265D01*
X004599Y027265D02*
X004601Y027295D01*
X004607Y027325D01*
X004616Y027354D01*
X004629Y027381D01*
X004646Y027406D01*
X004665Y027429D01*
X004688Y027450D01*
X004713Y027467D01*
X004739Y027481D01*
X004768Y027491D01*
X004797Y027498D01*
X004827Y027501D01*
X004858Y027500D01*
X004888Y027495D01*
X004917Y027486D01*
X004944Y027474D01*
X004970Y027459D01*
X004994Y027440D01*
X005015Y027418D01*
X005033Y027394D01*
X005048Y027367D01*
X005059Y027339D01*
X005067Y027310D01*
X005071Y027280D01*
X005071Y027250D01*
X005067Y027220D01*
X005059Y027191D01*
X005048Y027163D01*
X005033Y027136D01*
X005015Y027112D01*
X004994Y027090D01*
X004970Y027071D01*
X004944Y027056D01*
X004917Y027044D01*
X004888Y027035D01*
X004858Y027030D01*
X004827Y027029D01*
X004797Y027032D01*
X004768Y027039D01*
X004739Y027049D01*
X004713Y027063D01*
X004688Y027080D01*
X004665Y027101D01*
X004646Y027124D01*
X004629Y027149D01*
X004616Y027176D01*
X004607Y027205D01*
X004601Y027235D01*
X004599Y027265D01*
M02*
