G75*
G70*
%OFA0B0*%
%FSLAX24Y24*%
%IPPOS*%
%LPD*%
%AMOC8*
5,1,8,0,0,1.08239X$1,22.5*
%
%ADD10C,0.0000*%
D10*
X000223Y000776D02*
X000223Y028335D01*
X027782Y028335D01*
X027782Y000776D01*
X000223Y000776D01*
X001169Y001957D02*
X001171Y001987D01*
X001177Y002017D01*
X001186Y002046D01*
X001199Y002073D01*
X001216Y002098D01*
X001235Y002121D01*
X001258Y002142D01*
X001283Y002159D01*
X001309Y002173D01*
X001338Y002183D01*
X001367Y002190D01*
X001397Y002193D01*
X001428Y002192D01*
X001458Y002187D01*
X001487Y002178D01*
X001514Y002166D01*
X001540Y002151D01*
X001564Y002132D01*
X001585Y002110D01*
X001603Y002086D01*
X001618Y002059D01*
X001629Y002031D01*
X001637Y002002D01*
X001641Y001972D01*
X001641Y001942D01*
X001637Y001912D01*
X001629Y001883D01*
X001618Y001855D01*
X001603Y001828D01*
X001585Y001804D01*
X001564Y001782D01*
X001540Y001763D01*
X001514Y001748D01*
X001487Y001736D01*
X001458Y001727D01*
X001428Y001722D01*
X001397Y001721D01*
X001367Y001724D01*
X001338Y001731D01*
X001309Y001741D01*
X001283Y001755D01*
X001258Y001772D01*
X001235Y001793D01*
X001216Y001816D01*
X001199Y001841D01*
X001186Y001868D01*
X001177Y001897D01*
X001171Y001927D01*
X001169Y001957D01*
X026365Y001957D02*
X026367Y001987D01*
X026373Y002017D01*
X026382Y002046D01*
X026395Y002073D01*
X026412Y002098D01*
X026431Y002121D01*
X026454Y002142D01*
X026479Y002159D01*
X026505Y002173D01*
X026534Y002183D01*
X026563Y002190D01*
X026593Y002193D01*
X026624Y002192D01*
X026654Y002187D01*
X026683Y002178D01*
X026710Y002166D01*
X026736Y002151D01*
X026760Y002132D01*
X026781Y002110D01*
X026799Y002086D01*
X026814Y002059D01*
X026825Y002031D01*
X026833Y002002D01*
X026837Y001972D01*
X026837Y001942D01*
X026833Y001912D01*
X026825Y001883D01*
X026814Y001855D01*
X026799Y001828D01*
X026781Y001804D01*
X026760Y001782D01*
X026736Y001763D01*
X026710Y001748D01*
X026683Y001736D01*
X026654Y001727D01*
X026624Y001722D01*
X026593Y001721D01*
X026563Y001724D01*
X026534Y001731D01*
X026505Y001741D01*
X026479Y001755D01*
X026454Y001772D01*
X026431Y001793D01*
X026412Y001816D01*
X026395Y001841D01*
X026382Y001868D01*
X026373Y001897D01*
X026367Y001927D01*
X026365Y001957D01*
X026365Y027154D02*
X026367Y027184D01*
X026373Y027214D01*
X026382Y027243D01*
X026395Y027270D01*
X026412Y027295D01*
X026431Y027318D01*
X026454Y027339D01*
X026479Y027356D01*
X026505Y027370D01*
X026534Y027380D01*
X026563Y027387D01*
X026593Y027390D01*
X026624Y027389D01*
X026654Y027384D01*
X026683Y027375D01*
X026710Y027363D01*
X026736Y027348D01*
X026760Y027329D01*
X026781Y027307D01*
X026799Y027283D01*
X026814Y027256D01*
X026825Y027228D01*
X026833Y027199D01*
X026837Y027169D01*
X026837Y027139D01*
X026833Y027109D01*
X026825Y027080D01*
X026814Y027052D01*
X026799Y027025D01*
X026781Y027001D01*
X026760Y026979D01*
X026736Y026960D01*
X026710Y026945D01*
X026683Y026933D01*
X026654Y026924D01*
X026624Y026919D01*
X026593Y026918D01*
X026563Y026921D01*
X026534Y026928D01*
X026505Y026938D01*
X026479Y026952D01*
X026454Y026969D01*
X026431Y026990D01*
X026412Y027013D01*
X026395Y027038D01*
X026382Y027065D01*
X026373Y027094D01*
X026367Y027124D01*
X026365Y027154D01*
X001169Y027154D02*
X001171Y027184D01*
X001177Y027214D01*
X001186Y027243D01*
X001199Y027270D01*
X001216Y027295D01*
X001235Y027318D01*
X001258Y027339D01*
X001283Y027356D01*
X001309Y027370D01*
X001338Y027380D01*
X001367Y027387D01*
X001397Y027390D01*
X001428Y027389D01*
X001458Y027384D01*
X001487Y027375D01*
X001514Y027363D01*
X001540Y027348D01*
X001564Y027329D01*
X001585Y027307D01*
X001603Y027283D01*
X001618Y027256D01*
X001629Y027228D01*
X001637Y027199D01*
X001641Y027169D01*
X001641Y027139D01*
X001637Y027109D01*
X001629Y027080D01*
X001618Y027052D01*
X001603Y027025D01*
X001585Y027001D01*
X001564Y026979D01*
X001540Y026960D01*
X001514Y026945D01*
X001487Y026933D01*
X001458Y026924D01*
X001428Y026919D01*
X001397Y026918D01*
X001367Y026921D01*
X001338Y026928D01*
X001309Y026938D01*
X001283Y026952D01*
X001258Y026969D01*
X001235Y026990D01*
X001216Y027013D01*
X001199Y027038D01*
X001186Y027065D01*
X001177Y027094D01*
X001171Y027124D01*
X001169Y027154D01*
M02*
