G75*
G70*
%OFA0B0*%
%FSLAX24Y24*%
%IPPOS*%
%LPD*%
%AMOC8*
5,1,8,0,0,1.08239X$1,22.5*
%
%ADD10C,0.0000*%
D10*
X000223Y000776D02*
X000223Y034646D01*
X041216Y034646D01*
X041216Y000776D01*
X000223Y000776D01*
X001169Y001957D02*
X001171Y001987D01*
X001177Y002017D01*
X001186Y002046D01*
X001199Y002073D01*
X001216Y002098D01*
X001235Y002121D01*
X001258Y002142D01*
X001283Y002159D01*
X001309Y002173D01*
X001338Y002183D01*
X001367Y002190D01*
X001397Y002193D01*
X001428Y002192D01*
X001458Y002187D01*
X001487Y002178D01*
X001514Y002166D01*
X001540Y002151D01*
X001564Y002132D01*
X001585Y002110D01*
X001603Y002086D01*
X001618Y002059D01*
X001629Y002031D01*
X001637Y002002D01*
X001641Y001972D01*
X001641Y001942D01*
X001637Y001912D01*
X001629Y001883D01*
X001618Y001855D01*
X001603Y001828D01*
X001585Y001804D01*
X001564Y001782D01*
X001540Y001763D01*
X001514Y001748D01*
X001487Y001736D01*
X001458Y001727D01*
X001428Y001722D01*
X001397Y001721D01*
X001367Y001724D01*
X001338Y001731D01*
X001309Y001741D01*
X001283Y001755D01*
X001258Y001772D01*
X001235Y001793D01*
X001216Y001816D01*
X001199Y001841D01*
X001186Y001868D01*
X001177Y001897D01*
X001171Y001927D01*
X001169Y001957D01*
X007846Y018552D02*
X007848Y018582D01*
X007854Y018612D01*
X007863Y018641D01*
X007876Y018668D01*
X007893Y018693D01*
X007912Y018716D01*
X007935Y018737D01*
X007960Y018754D01*
X007986Y018768D01*
X008015Y018778D01*
X008044Y018785D01*
X008074Y018788D01*
X008105Y018787D01*
X008135Y018782D01*
X008164Y018773D01*
X008191Y018761D01*
X008217Y018746D01*
X008241Y018727D01*
X008262Y018705D01*
X008280Y018681D01*
X008295Y018654D01*
X008306Y018626D01*
X008314Y018597D01*
X008318Y018567D01*
X008318Y018537D01*
X008314Y018507D01*
X008306Y018478D01*
X008295Y018450D01*
X008280Y018423D01*
X008262Y018399D01*
X008241Y018377D01*
X008217Y018358D01*
X008191Y018343D01*
X008164Y018331D01*
X008135Y018322D01*
X008105Y018317D01*
X008074Y018316D01*
X008044Y018319D01*
X008015Y018326D01*
X007986Y018336D01*
X007960Y018350D01*
X007935Y018367D01*
X007912Y018388D01*
X007893Y018411D01*
X007876Y018436D01*
X007863Y018463D01*
X007854Y018492D01*
X007848Y018522D01*
X007846Y018552D01*
X007846Y028001D02*
X007848Y028031D01*
X007854Y028061D01*
X007863Y028090D01*
X007876Y028117D01*
X007893Y028142D01*
X007912Y028165D01*
X007935Y028186D01*
X007960Y028203D01*
X007986Y028217D01*
X008015Y028227D01*
X008044Y028234D01*
X008074Y028237D01*
X008105Y028236D01*
X008135Y028231D01*
X008164Y028222D01*
X008191Y028210D01*
X008217Y028195D01*
X008241Y028176D01*
X008262Y028154D01*
X008280Y028130D01*
X008295Y028103D01*
X008306Y028075D01*
X008314Y028046D01*
X008318Y028016D01*
X008318Y027986D01*
X008314Y027956D01*
X008306Y027927D01*
X008295Y027899D01*
X008280Y027872D01*
X008262Y027848D01*
X008241Y027826D01*
X008217Y027807D01*
X008191Y027792D01*
X008164Y027780D01*
X008135Y027771D01*
X008105Y027766D01*
X008074Y027765D01*
X008044Y027768D01*
X008015Y027775D01*
X007986Y027785D01*
X007960Y027799D01*
X007935Y027816D01*
X007912Y027837D01*
X007893Y027860D01*
X007876Y027885D01*
X007863Y027912D01*
X007854Y027941D01*
X007848Y027971D01*
X007846Y028001D01*
X001169Y033454D02*
X001171Y033484D01*
X001177Y033514D01*
X001186Y033543D01*
X001199Y033570D01*
X001216Y033595D01*
X001235Y033618D01*
X001258Y033639D01*
X001283Y033656D01*
X001309Y033670D01*
X001338Y033680D01*
X001367Y033687D01*
X001397Y033690D01*
X001428Y033689D01*
X001458Y033684D01*
X001487Y033675D01*
X001514Y033663D01*
X001540Y033648D01*
X001564Y033629D01*
X001585Y033607D01*
X001603Y033583D01*
X001618Y033556D01*
X001629Y033528D01*
X001637Y033499D01*
X001641Y033469D01*
X001641Y033439D01*
X001637Y033409D01*
X001629Y033380D01*
X001618Y033352D01*
X001603Y033325D01*
X001585Y033301D01*
X001564Y033279D01*
X001540Y033260D01*
X001514Y033245D01*
X001487Y033233D01*
X001458Y033224D01*
X001428Y033219D01*
X001397Y033218D01*
X001367Y033221D01*
X001338Y033228D01*
X001309Y033238D01*
X001283Y033252D01*
X001258Y033269D01*
X001235Y033290D01*
X001216Y033313D01*
X001199Y033338D01*
X001186Y033365D01*
X001177Y033394D01*
X001171Y033424D01*
X001169Y033454D01*
X039751Y033454D02*
X039753Y033484D01*
X039759Y033514D01*
X039768Y033543D01*
X039781Y033570D01*
X039798Y033595D01*
X039817Y033618D01*
X039840Y033639D01*
X039865Y033656D01*
X039891Y033670D01*
X039920Y033680D01*
X039949Y033687D01*
X039979Y033690D01*
X040010Y033689D01*
X040040Y033684D01*
X040069Y033675D01*
X040096Y033663D01*
X040122Y033648D01*
X040146Y033629D01*
X040167Y033607D01*
X040185Y033583D01*
X040200Y033556D01*
X040211Y033528D01*
X040219Y033499D01*
X040223Y033469D01*
X040223Y033439D01*
X040219Y033409D01*
X040211Y033380D01*
X040200Y033352D01*
X040185Y033325D01*
X040167Y033301D01*
X040146Y033279D01*
X040122Y033260D01*
X040096Y033245D01*
X040069Y033233D01*
X040040Y033224D01*
X040010Y033219D01*
X039979Y033218D01*
X039949Y033221D01*
X039920Y033228D01*
X039891Y033238D01*
X039865Y033252D01*
X039840Y033269D01*
X039817Y033290D01*
X039798Y033313D01*
X039781Y033338D01*
X039768Y033365D01*
X039759Y033394D01*
X039753Y033424D01*
X039751Y033454D01*
X040129Y028001D02*
X040131Y028031D01*
X040137Y028061D01*
X040146Y028090D01*
X040159Y028117D01*
X040176Y028142D01*
X040195Y028165D01*
X040218Y028186D01*
X040243Y028203D01*
X040269Y028217D01*
X040298Y028227D01*
X040327Y028234D01*
X040357Y028237D01*
X040388Y028236D01*
X040418Y028231D01*
X040447Y028222D01*
X040474Y028210D01*
X040500Y028195D01*
X040524Y028176D01*
X040545Y028154D01*
X040563Y028130D01*
X040578Y028103D01*
X040589Y028075D01*
X040597Y028046D01*
X040601Y028016D01*
X040601Y027986D01*
X040597Y027956D01*
X040589Y027927D01*
X040578Y027899D01*
X040563Y027872D01*
X040545Y027848D01*
X040524Y027826D01*
X040500Y027807D01*
X040474Y027792D01*
X040447Y027780D01*
X040418Y027771D01*
X040388Y027766D01*
X040357Y027765D01*
X040327Y027768D01*
X040298Y027775D01*
X040269Y027785D01*
X040243Y027799D01*
X040218Y027816D01*
X040195Y027837D01*
X040176Y027860D01*
X040159Y027885D01*
X040146Y027912D01*
X040137Y027941D01*
X040131Y027971D01*
X040129Y028001D01*
X040129Y018552D02*
X040131Y018582D01*
X040137Y018612D01*
X040146Y018641D01*
X040159Y018668D01*
X040176Y018693D01*
X040195Y018716D01*
X040218Y018737D01*
X040243Y018754D01*
X040269Y018768D01*
X040298Y018778D01*
X040327Y018785D01*
X040357Y018788D01*
X040388Y018787D01*
X040418Y018782D01*
X040447Y018773D01*
X040474Y018761D01*
X040500Y018746D01*
X040524Y018727D01*
X040545Y018705D01*
X040563Y018681D01*
X040578Y018654D01*
X040589Y018626D01*
X040597Y018597D01*
X040601Y018567D01*
X040601Y018537D01*
X040597Y018507D01*
X040589Y018478D01*
X040578Y018450D01*
X040563Y018423D01*
X040545Y018399D01*
X040524Y018377D01*
X040500Y018358D01*
X040474Y018343D01*
X040447Y018331D01*
X040418Y018322D01*
X040388Y018317D01*
X040357Y018316D01*
X040327Y018319D01*
X040298Y018326D01*
X040269Y018336D01*
X040243Y018350D01*
X040218Y018367D01*
X040195Y018388D01*
X040176Y018411D01*
X040159Y018436D01*
X040146Y018463D01*
X040137Y018492D01*
X040131Y018522D01*
X040129Y018552D01*
X039751Y001957D02*
X039753Y001987D01*
X039759Y002017D01*
X039768Y002046D01*
X039781Y002073D01*
X039798Y002098D01*
X039817Y002121D01*
X039840Y002142D01*
X039865Y002159D01*
X039891Y002173D01*
X039920Y002183D01*
X039949Y002190D01*
X039979Y002193D01*
X040010Y002192D01*
X040040Y002187D01*
X040069Y002178D01*
X040096Y002166D01*
X040122Y002151D01*
X040146Y002132D01*
X040167Y002110D01*
X040185Y002086D01*
X040200Y002059D01*
X040211Y002031D01*
X040219Y002002D01*
X040223Y001972D01*
X040223Y001942D01*
X040219Y001912D01*
X040211Y001883D01*
X040200Y001855D01*
X040185Y001828D01*
X040167Y001804D01*
X040146Y001782D01*
X040122Y001763D01*
X040096Y001748D01*
X040069Y001736D01*
X040040Y001727D01*
X040010Y001722D01*
X039979Y001721D01*
X039949Y001724D01*
X039920Y001731D01*
X039891Y001741D01*
X039865Y001755D01*
X039840Y001772D01*
X039817Y001793D01*
X039798Y001816D01*
X039781Y001841D01*
X039768Y001868D01*
X039759Y001897D01*
X039753Y001927D01*
X039751Y001957D01*
M02*
