G75*
G70*
%OFA0B0*%
%FSLAX24Y24*%
%IPPOS*%
%LPD*%
%AMOC8*
5,1,8,0,0,1.08239X$1,22.5*
%
%ADD10C,0.0000*%
D10*
X000100Y000100D02*
X028470Y000100D01*
X028470Y019092D01*
X000100Y019092D01*
X000100Y000100D01*
X001309Y001478D02*
X001311Y001508D01*
X001317Y001538D01*
X001326Y001567D01*
X001339Y001594D01*
X001356Y001619D01*
X001375Y001642D01*
X001398Y001663D01*
X001423Y001680D01*
X001449Y001694D01*
X001478Y001704D01*
X001507Y001711D01*
X001537Y001714D01*
X001568Y001713D01*
X001598Y001708D01*
X001627Y001699D01*
X001654Y001687D01*
X001680Y001672D01*
X001704Y001653D01*
X001725Y001631D01*
X001743Y001607D01*
X001758Y001580D01*
X001769Y001552D01*
X001777Y001523D01*
X001781Y001493D01*
X001781Y001463D01*
X001777Y001433D01*
X001769Y001404D01*
X001758Y001376D01*
X001743Y001349D01*
X001725Y001325D01*
X001704Y001303D01*
X001680Y001284D01*
X001654Y001269D01*
X001627Y001257D01*
X001598Y001248D01*
X001568Y001243D01*
X001537Y001242D01*
X001507Y001245D01*
X001478Y001252D01*
X001449Y001262D01*
X001423Y001276D01*
X001398Y001293D01*
X001375Y001314D01*
X001356Y001337D01*
X001339Y001362D01*
X001326Y001389D01*
X001317Y001418D01*
X001311Y001448D01*
X001309Y001478D01*
X001309Y017620D02*
X001311Y017650D01*
X001317Y017680D01*
X001326Y017709D01*
X001339Y017736D01*
X001356Y017761D01*
X001375Y017784D01*
X001398Y017805D01*
X001423Y017822D01*
X001449Y017836D01*
X001478Y017846D01*
X001507Y017853D01*
X001537Y017856D01*
X001568Y017855D01*
X001598Y017850D01*
X001627Y017841D01*
X001654Y017829D01*
X001680Y017814D01*
X001704Y017795D01*
X001725Y017773D01*
X001743Y017749D01*
X001758Y017722D01*
X001769Y017694D01*
X001777Y017665D01*
X001781Y017635D01*
X001781Y017605D01*
X001777Y017575D01*
X001769Y017546D01*
X001758Y017518D01*
X001743Y017491D01*
X001725Y017467D01*
X001704Y017445D01*
X001680Y017426D01*
X001654Y017411D01*
X001627Y017399D01*
X001598Y017390D01*
X001568Y017385D01*
X001537Y017384D01*
X001507Y017387D01*
X001478Y017394D01*
X001449Y017404D01*
X001423Y017418D01*
X001398Y017435D01*
X001375Y017456D01*
X001356Y017479D01*
X001339Y017504D01*
X001326Y017531D01*
X001317Y017560D01*
X001311Y017590D01*
X001309Y017620D01*
X026899Y017620D02*
X026901Y017650D01*
X026907Y017680D01*
X026916Y017709D01*
X026929Y017736D01*
X026946Y017761D01*
X026965Y017784D01*
X026988Y017805D01*
X027013Y017822D01*
X027039Y017836D01*
X027068Y017846D01*
X027097Y017853D01*
X027127Y017856D01*
X027158Y017855D01*
X027188Y017850D01*
X027217Y017841D01*
X027244Y017829D01*
X027270Y017814D01*
X027294Y017795D01*
X027315Y017773D01*
X027333Y017749D01*
X027348Y017722D01*
X027359Y017694D01*
X027367Y017665D01*
X027371Y017635D01*
X027371Y017605D01*
X027367Y017575D01*
X027359Y017546D01*
X027348Y017518D01*
X027333Y017491D01*
X027315Y017467D01*
X027294Y017445D01*
X027270Y017426D01*
X027244Y017411D01*
X027217Y017399D01*
X027188Y017390D01*
X027158Y017385D01*
X027127Y017384D01*
X027097Y017387D01*
X027068Y017394D01*
X027039Y017404D01*
X027013Y017418D01*
X026988Y017435D01*
X026965Y017456D01*
X026946Y017479D01*
X026929Y017504D01*
X026916Y017531D01*
X026907Y017560D01*
X026901Y017590D01*
X026899Y017620D01*
X026899Y001478D02*
X026901Y001508D01*
X026907Y001538D01*
X026916Y001567D01*
X026929Y001594D01*
X026946Y001619D01*
X026965Y001642D01*
X026988Y001663D01*
X027013Y001680D01*
X027039Y001694D01*
X027068Y001704D01*
X027097Y001711D01*
X027127Y001714D01*
X027158Y001713D01*
X027188Y001708D01*
X027217Y001699D01*
X027244Y001687D01*
X027270Y001672D01*
X027294Y001653D01*
X027315Y001631D01*
X027333Y001607D01*
X027348Y001580D01*
X027359Y001552D01*
X027367Y001523D01*
X027371Y001493D01*
X027371Y001463D01*
X027367Y001433D01*
X027359Y001404D01*
X027348Y001376D01*
X027333Y001349D01*
X027315Y001325D01*
X027294Y001303D01*
X027270Y001284D01*
X027244Y001269D01*
X027217Y001257D01*
X027188Y001248D01*
X027158Y001243D01*
X027127Y001242D01*
X027097Y001245D01*
X027068Y001252D01*
X027039Y001262D01*
X027013Y001276D01*
X026988Y001293D01*
X026965Y001314D01*
X026946Y001337D01*
X026929Y001362D01*
X026916Y001389D01*
X026907Y001418D01*
X026901Y001448D01*
X026899Y001478D01*
M02*
